<?xml version="1.0" encoding="utf-8"?>
<CoverageSession xmlns:xsd="http://www.w3.org/2001/XMLSchema" xmlns:xsi="http://www.w3.org/2001/XMLSchema-instance" Version="4.7.922.0">
  <Summary numSequencePoints="437" visitedSequencePoints="277" numBranchPoints="150" visitedBranchPoints="81" sequenceCoverage="63.39" branchCoverage="54" maxCyclomaticComplexity="4" minCyclomaticComplexity="1" maxCrapScore="20" minCrapScore="1" visitedClasses="13" numClasses="15" visitedMethods="74" numMethods="120" />
  <Modules>
    <Module hash="0C-69-D0-C9-C7-6C-C4-97-BD-EE-2B-E5-80-47-60-0A-AA-5F-30-47">
      <Summary numSequencePoints="183" visitedSequencePoints="142" numBranchPoints="16" visitedBranchPoints="15" sequenceCoverage="77.60" branchCoverage="93.75" maxCyclomaticComplexity="1" minCyclomaticComplexity="1" maxCrapScore="2" minCrapScore="1" visitedClasses="3" numClasses="4" visitedMethods="15" numMethods="16" />
      <ModulePath>C:\Users\cathe\OneDrive\Документы\Visual Studio 2015\Projects\Test2\UnitTestForTestsApplication\bin\Debug\UnitTestForTestsApplication.dll</ModulePath>
      <ModuleTime>2019-12-09T19:28:39.7378903Z</ModuleTime>
      <ModuleName>UnitTestForTestsApplication</ModuleName>
      <Files>
        <File uid="1" fullPath="C:\Users\cathe\OneDrive\Документы\Visual Studio 2015\Projects\Test2\UnitTestForTestsApplication\AnswersMethodsTests.cs" />
        <File uid="2" fullPath="C:\Users\cathe\OneDrive\Документы\Visual Studio 2015\Projects\Test2\UnitTestForTestsApplication\QuestionMethodsTests.cs" />
        <File uid="3" fullPath="C:\Users\cathe\OneDrive\Документы\Visual Studio 2015\Projects\Test2\UnitTestForTestsApplication\TestsMethodsTests.cs" />
      </Files>
      <Classes>
        <Class>
          <Summary numSequencePoints="65" visitedSequencePoints="47" numBranchPoints="5" visitedBranchPoints="5" sequenceCoverage="72.31" branchCoverage="100" maxCyclomaticComplexity="1" minCyclomaticComplexity="1" maxCrapScore="2" minCrapScore="1" visitedClasses="1" numClasses="1" visitedMethods="5" numMethods="5" />
          <FullName>UnitTestForTestsApplication.AnswersMethodsTests</FullName>
          <Methods>
            <Method visited="true" cyclomaticComplexity="1" nPathComplexity="0" sequenceCoverage="87.5" branchCoverage="100" crapScore="1.00" isConstructor="false" isStatic="false" isGetter="false" isSetter="false">
              <Summary numSequencePoints="16" visitedSequencePoints="14" numBranchPoints="1" visitedBranchPoints="1" sequenceCoverage="87.5" branchCoverage="100" maxCyclomaticComplexity="1" minCyclomaticComplexity="1" maxCrapScore="1.00" minCrapScore="1.00" visitedClasses="0" numClasses="0" visitedMethods="1" numMethods="1" />
              <MetadataToken>100663297</MetadataToken>
              <Name>System.Void UnitTestForTestsApplication.AnswersMethodsTests::AddAnswer()</Name>
              <FileRef uid="1" />
              <SequencePoints>
                <SequencePoint vc="1" uspid="1" ordinal="0" offset="0" sl="16" sc="9" el="16" ec="10" bec="0" bev="0" fileid="1" />
                <SequencePoint vc="1" uspid="2" ordinal="1" offset="1" sl="17" sc="13" el="17" ec="57" bec="0" bev="0" fileid="1" />
                <SequencePoint vc="1" uspid="3" ordinal="2" offset="14" sl="18" sc="13" el="18" ec="58" bec="0" bev="0" fileid="1" />
                <SequencePoint vc="1" uspid="4" ordinal="3" offset="26" sl="19" sc="13" el="19" ec="59" bec="0" bev="0" fileid="1" />
                <SequencePoint vc="1" uspid="5" ordinal="4" offset="39" sl="22" sc="13" el="22" ec="110" bec="0" bev="0" fileid="1" />
                <SequencePoint vc="1" uspid="6" ordinal="5" offset="76" sl="23" sc="13" el="23" ec="119" bec="0" bev="0" fileid="1" />
                <SequencePoint vc="1" uspid="7" ordinal="6" offset="113" sl="24" sc="13" el="24" ec="119" bec="0" bev="0" fileid="1" />
                <SequencePoint vc="1" uspid="8" ordinal="7" offset="151" sl="27" sc="13" el="27" ec="60" bec="0" bev="0" fileid="1" />
                <SequencePoint vc="1" uspid="9" ordinal="8" offset="158" sl="28" sc="13" el="28" ec="70" bec="0" bev="0" fileid="1" />
                <SequencePoint vc="1" uspid="10" ordinal="9" offset="237" sl="29" sc="13" el="29" ec="74" bec="0" bev="0" fileid="1" />
                <SequencePoint vc="1" uspid="11" ordinal="10" offset="317" sl="30" sc="13" el="30" ec="72" bec="0" bev="0" fileid="1" />
                <SequencePoint vc="1" uspid="12" ordinal="11" offset="397" sl="33" sc="13" el="33" ec="59" bec="0" bev="0" fileid="1" />
                <SequencePoint vc="1" uspid="13" ordinal="12" offset="411" sl="34" sc="13" el="34" ec="46" bec="0" bev="0" fileid="1" />
                <SequencePoint vc="1" uspid="14" ordinal="13" offset="421" sl="36" sc="13" el="36" ec="73" bec="0" bev="0" fileid="1" />
                <SequencePoint vc="0" uspid="15" ordinal="14" offset="542" sl="37" sc="13" el="37" ec="66" bec="0" bev="0" fileid="1" />
                <SequencePoint vc="0" uspid="16" ordinal="15" offset="628" sl="38" sc="9" el="38" ec="10" bec="0" bev="0" fileid="1" />
              </SequencePoints>
              <BranchPoints />
              <MethodPoint xsi:type="SequencePoint" vc="1" uspid="1" ordinal="0" offset="0" sl="16" sc="9" el="16" ec="10" bec="0" bev="0" fileid="1" />
            </Method>
            <Method visited="true" cyclomaticComplexity="1" nPathComplexity="0" sequenceCoverage="43.75" branchCoverage="100" crapScore="1.18" isConstructor="false" isStatic="false" isGetter="false" isSetter="false">
              <Summary numSequencePoints="16" visitedSequencePoints="7" numBranchPoints="1" visitedBranchPoints="1" sequenceCoverage="43.75" branchCoverage="100" maxCyclomaticComplexity="1" minCyclomaticComplexity="1" maxCrapScore="1.18" minCrapScore="1.18" visitedClasses="0" numClasses="0" visitedMethods="1" numMethods="1" />
              <MetadataToken>100663298</MetadataToken>
              <Name>System.Void UnitTestForTestsApplication.AnswersMethodsTests::EditAnswer()</Name>
              <FileRef uid="1" />
              <SequencePoints>
                <SequencePoint vc="1" uspid="17" ordinal="0" offset="0" sl="42" sc="9" el="42" ec="10" bec="0" bev="0" fileid="1" />
                <SequencePoint vc="1" uspid="18" ordinal="1" offset="1" sl="43" sc="13" el="43" ec="57" bec="0" bev="0" fileid="1" />
                <SequencePoint vc="1" uspid="19" ordinal="2" offset="14" sl="45" sc="13" el="45" ec="118" bec="0" bev="0" fileid="1" />
                <SequencePoint vc="1" uspid="20" ordinal="3" offset="50" sl="47" sc="13" el="47" ec="60" bec="0" bev="0" fileid="1" />
                <SequencePoint vc="1" uspid="21" ordinal="4" offset="56" sl="48" sc="13" el="48" ec="73" bec="0" bev="0" fileid="1" />
                <SequencePoint vc="1" uspid="22" ordinal="5" offset="134" sl="50" sc="13" el="50" ec="59" bec="0" bev="0" fileid="1" />
                <SequencePoint vc="1" uspid="23" ordinal="6" offset="146" sl="52" sc="13" el="52" ec="53" bec="0" bev="0" fileid="1" />
                <SequencePoint vc="0" uspid="24" ordinal="7" offset="155" sl="53" sc="13" el="53" ec="44" bec="0" bev="0" fileid="1" />
                <SequencePoint vc="0" uspid="25" ordinal="8" offset="171" sl="55" sc="13" el="55" ec="51" bec="0" bev="0" fileid="1" />
                <SequencePoint vc="0" uspid="26" ordinal="9" offset="190" sl="57" sc="13" el="57" ec="51" bec="0" bev="0" fileid="1" />
                <SequencePoint vc="0" uspid="27" ordinal="10" offset="206" sl="59" sc="13" el="59" ec="54" bec="0" bev="0" fileid="1" />
                <SequencePoint vc="0" uspid="28" ordinal="11" offset="215" sl="60" sc="13" el="60" ec="45" bec="0" bev="0" fileid="1" />
                <SequencePoint vc="0" uspid="29" ordinal="12" offset="231" sl="62" sc="13" el="62" ec="73" bec="0" bev="0" fileid="1" />
                <SequencePoint vc="0" uspid="30" ordinal="13" offset="260" sl="63" sc="13" el="63" ec="74" bec="0" bev="0" fileid="1" />
                <SequencePoint vc="0" uspid="31" ordinal="14" offset="380" sl="64" sc="13" el="64" ec="66" bec="0" bev="0" fileid="1" />
                <SequencePoint vc="0" uspid="32" ordinal="15" offset="465" sl="65" sc="9" el="65" ec="10" bec="0" bev="0" fileid="1" />
              </SequencePoints>
              <BranchPoints />
              <MethodPoint xsi:type="SequencePoint" vc="1" uspid="17" ordinal="0" offset="0" sl="42" sc="9" el="42" ec="10" bec="0" bev="0" fileid="1" />
            </Method>
            <Method visited="true" cyclomaticComplexity="1" nPathComplexity="0" sequenceCoverage="75" branchCoverage="100" crapScore="1.02" isConstructor="false" isStatic="false" isGetter="false" isSetter="false">
              <Summary numSequencePoints="12" visitedSequencePoints="9" numBranchPoints="1" visitedBranchPoints="1" sequenceCoverage="75" branchCoverage="100" maxCyclomaticComplexity="1" minCyclomaticComplexity="1" maxCrapScore="1.02" minCrapScore="1.02" visitedClasses="0" numClasses="0" visitedMethods="1" numMethods="1" />
              <MetadataToken>100663299</MetadataToken>
              <Name>System.Void UnitTestForTestsApplication.AnswersMethodsTests::GetAnswersTest()</Name>
              <FileRef uid="1" />
              <SequencePoints>
                <SequencePoint vc="1" uspid="33" ordinal="0" offset="0" sl="69" sc="9" el="69" ec="10" bec="0" bev="0" fileid="1" />
                <SequencePoint vc="1" uspid="34" ordinal="1" offset="1" sl="70" sc="13" el="70" ec="57" bec="0" bev="0" fileid="1" />
                <SequencePoint vc="1" uspid="35" ordinal="2" offset="14" sl="72" sc="13" el="72" ec="110" bec="0" bev="0" fileid="1" />
                <SequencePoint vc="1" uspid="36" ordinal="3" offset="51" sl="73" sc="13" el="73" ec="118" bec="0" bev="0" fileid="1" />
                <SequencePoint vc="1" uspid="37" ordinal="4" offset="87" sl="75" sc="13" el="75" ec="60" bec="0" bev="0" fileid="1" />
                <SequencePoint vc="1" uspid="38" ordinal="5" offset="93" sl="76" sc="13" el="76" ec="70" bec="0" bev="0" fileid="1" />
                <SequencePoint vc="1" uspid="39" ordinal="6" offset="171" sl="77" sc="13" el="77" ec="73" bec="0" bev="0" fileid="1" />
                <SequencePoint vc="1" uspid="40" ordinal="7" offset="249" sl="79" sc="13" el="79" ec="59" bec="0" bev="0" fileid="1" />
                <SequencePoint vc="1" uspid="41" ordinal="8" offset="262" sl="81" sc="13" el="81" ec="53" bec="0" bev="0" fileid="1" />
                <SequencePoint vc="0" uspid="42" ordinal="9" offset="272" sl="83" sc="13" el="83" ec="44" bec="0" bev="0" fileid="1" />
                <SequencePoint vc="0" uspid="43" ordinal="10" offset="288" sl="84" sc="13" el="84" ec="44" bec="0" bev="0" fileid="1" />
                <SequencePoint vc="0" uspid="44" ordinal="11" offset="308" sl="85" sc="9" el="85" ec="10" bec="0" bev="0" fileid="1" />
              </SequencePoints>
              <BranchPoints />
              <MethodPoint xsi:type="SequencePoint" vc="1" uspid="33" ordinal="0" offset="0" sl="69" sc="9" el="69" ec="10" bec="0" bev="0" fileid="1" />
            </Method>
            <Method visited="true" cyclomaticComplexity="1" nPathComplexity="0" sequenceCoverage="63.64" branchCoverage="100" crapScore="1.05" isConstructor="false" isStatic="false" isGetter="false" isSetter="false">
              <Summary numSequencePoints="11" visitedSequencePoints="7" numBranchPoints="1" visitedBranchPoints="1" sequenceCoverage="63.64" branchCoverage="100" maxCyclomaticComplexity="1" minCyclomaticComplexity="1" maxCrapScore="1.05" minCrapScore="1.05" visitedClasses="0" numClasses="0" visitedMethods="1" numMethods="1" />
              <MetadataToken>100663300</MetadataToken>
              <Name>System.Void UnitTestForTestsApplication.AnswersMethodsTests::DeleteAnswerTest()</Name>
              <FileRef uid="1" />
              <SequencePoints>
                <SequencePoint vc="1" uspid="45" ordinal="0" offset="0" sl="89" sc="9" el="89" ec="10" bec="0" bev="0" fileid="1" />
                <SequencePoint vc="1" uspid="46" ordinal="1" offset="1" sl="90" sc="13" el="90" ec="57" bec="0" bev="0" fileid="1" />
                <SequencePoint vc="1" uspid="47" ordinal="2" offset="14" sl="92" sc="13" el="92" ec="118" bec="0" bev="0" fileid="1" />
                <SequencePoint vc="1" uspid="48" ordinal="3" offset="50" sl="94" sc="13" el="94" ec="60" bec="0" bev="0" fileid="1" />
                <SequencePoint vc="1" uspid="49" ordinal="4" offset="56" sl="95" sc="13" el="95" ec="73" bec="0" bev="0" fileid="1" />
                <SequencePoint vc="1" uspid="50" ordinal="5" offset="134" sl="97" sc="13" el="97" ec="59" bec="0" bev="0" fileid="1" />
                <SequencePoint vc="1" uspid="51" ordinal="6" offset="146" sl="99" sc="13" el="99" ec="53" bec="0" bev="0" fileid="1" />
                <SequencePoint vc="0" uspid="52" ordinal="7" offset="155" sl="100" sc="13" el="100" ec="45" bec="0" bev="0" fileid="1" />
                <SequencePoint vc="0" uspid="53" ordinal="8" offset="170" sl="102" sc="13" el="102" ec="77" bec="0" bev="0" fileid="1" />
                <SequencePoint vc="0" uspid="54" ordinal="9" offset="290" sl="103" sc="13" el="103" ec="66" bec="0" bev="0" fileid="1" />
                <SequencePoint vc="0" uspid="55" ordinal="10" offset="375" sl="104" sc="9" el="104" ec="10" bec="0" bev="0" fileid="1" />
              </SequencePoints>
              <BranchPoints />
              <MethodPoint xsi:type="SequencePoint" vc="1" uspid="45" ordinal="0" offset="0" sl="89" sc="9" el="89" ec="10" bec="0" bev="0" fileid="1" />
            </Method>
            <Method visited="true" cyclomaticComplexity="1" nPathComplexity="0" sequenceCoverage="100" branchCoverage="100" crapScore="1" isConstructor="false" isStatic="false" isGetter="false" isSetter="false">
              <Summary numSequencePoints="10" visitedSequencePoints="10" numBranchPoints="1" visitedBranchPoints="1" sequenceCoverage="100" branchCoverage="100" maxCyclomaticComplexity="1" minCyclomaticComplexity="1" maxCrapScore="1" minCrapScore="1" visitedClasses="0" numClasses="0" visitedMethods="1" numMethods="1" />
              <MetadataToken>100663301</MetadataToken>
              <Name>System.Void UnitTestForTestsApplication.AnswersMethodsTests::GetStatisticsTest()</Name>
              <FileRef uid="1" />
              <SequencePoints>
                <SequencePoint vc="1" uspid="56" ordinal="0" offset="0" sl="109" sc="9" el="109" ec="10" bec="0" bev="0" fileid="1" />
                <SequencePoint vc="1" uspid="57" ordinal="1" offset="1" sl="110" sc="13" el="110" ec="133" bec="0" bev="0" fileid="1" />
                <SequencePoint vc="1" uspid="58" ordinal="2" offset="57" sl="112" sc="13" el="112" ec="84" bec="0" bev="0" fileid="1" />
                <SequencePoint vc="1" uspid="59" ordinal="3" offset="76" sl="114" sc="13" el="114" ec="60" bec="0" bev="0" fileid="1" />
                <SequencePoint vc="1" uspid="60" ordinal="4" offset="82" sl="115" sc="13" el="115" ec="78" bec="0" bev="0" fileid="1" />
                <SequencePoint vc="1" uspid="61" ordinal="5" offset="160" sl="117" sc="13" el="117" ec="59" bec="0" bev="0" fileid="1" />
                <SequencePoint vc="1" uspid="62" ordinal="6" offset="172" sl="118" sc="13" el="118" ec="48" bec="0" bev="0" fileid="1" />
                <SequencePoint vc="1" uspid="63" ordinal="7" offset="180" sl="120" sc="13" el="120" ec="44" bec="0" bev="0" fileid="1" />
                <SequencePoint vc="1" uspid="64" ordinal="8" offset="196" sl="121" sc="13" el="121" ec="57" bec="0" bev="0" fileid="1" />
                <SequencePoint vc="1" uspid="65" ordinal="9" offset="216" sl="122" sc="9" el="122" ec="10" bec="0" bev="0" fileid="1" />
              </SequencePoints>
              <BranchPoints />
              <MethodPoint xsi:type="SequencePoint" vc="1" uspid="56" ordinal="0" offset="0" sl="109" sc="9" el="109" ec="10" bec="0" bev="0" fileid="1" />
            </Method>
            <Method visited="false" cyclomaticComplexity="1" nPathComplexity="0" sequenceCoverage="0" branchCoverage="0" crapScore="2" isConstructor="true" isStatic="false" isGetter="false" isSetter="false">
              <Summary numSequencePoints="0" visitedSequencePoints="0" numBranchPoints="0" visitedBranchPoints="0" sequenceCoverage="0" branchCoverage="0" maxCyclomaticComplexity="1" minCyclomaticComplexity="1" maxCrapScore="2" minCrapScore="2" visitedClasses="0" numClasses="0" visitedMethods="0" numMethods="0" />
              <MetadataToken>100663302</MetadataToken>
              <Name>System.Void UnitTestForTestsApplication.AnswersMethodsTests::.ctor()</Name>
              <SequencePoints />
              <BranchPoints />
              <MethodPoint vc="0" uspid="66" ordinal="0" offset="0" />
            </Method>
          </Methods>
        </Class>
        <Class>
          <Summary numSequencePoints="65" visitedSequencePoints="43" numBranchPoints="5" visitedBranchPoints="5" sequenceCoverage="66.15" branchCoverage="100" maxCyclomaticComplexity="1" minCyclomaticComplexity="1" maxCrapScore="2" minCrapScore="1.01" visitedClasses="1" numClasses="1" visitedMethods="5" numMethods="5" />
          <FullName>UnitTestForTestsApplication.QuestionMethodsTests</FullName>
          <Methods>
            <Method visited="true" cyclomaticComplexity="1" nPathComplexity="0" sequenceCoverage="80" branchCoverage="100" crapScore="1.01" isConstructor="false" isStatic="false" isGetter="false" isSetter="false">
              <Summary numSequencePoints="15" visitedSequencePoints="12" numBranchPoints="1" visitedBranchPoints="1" sequenceCoverage="80" branchCoverage="100" maxCyclomaticComplexity="1" minCyclomaticComplexity="1" maxCrapScore="1.01" minCrapScore="1.01" visitedClasses="0" numClasses="0" visitedMethods="1" numMethods="1" />
              <MetadataToken>100663303</MetadataToken>
              <Name>System.Void UnitTestForTestsApplication.QuestionMethodsTests::AddQuestion()</Name>
              <FileRef uid="2" />
              <SequencePoints>
                <SequencePoint vc="1" uspid="67" ordinal="0" offset="0" sl="17" sc="9" el="17" ec="10" bec="0" bev="0" fileid="2" />
                <SequencePoint vc="1" uspid="68" ordinal="1" offset="1" sl="18" sc="13" el="18" ec="57" bec="0" bev="0" fileid="2" />
                <SequencePoint vc="1" uspid="69" ordinal="2" offset="14" sl="19" sc="13" el="19" ec="58" bec="0" bev="0" fileid="2" />
                <SequencePoint vc="1" uspid="70" ordinal="3" offset="26" sl="21" sc="13" el="21" ec="110" bec="0" bev="0" fileid="2" />
                <SequencePoint vc="1" uspid="71" ordinal="4" offset="63" sl="22" sc="13" el="22" ec="119" bec="0" bev="0" fileid="2" />
                <SequencePoint vc="1" uspid="72" ordinal="5" offset="99" sl="23" sc="13" el="23" ec="119" bec="0" bev="0" fileid="2" />
                <SequencePoint vc="1" uspid="73" ordinal="6" offset="137" sl="25" sc="13" el="25" ec="60" bec="0" bev="0" fileid="2" />
                <SequencePoint vc="1" uspid="74" ordinal="7" offset="144" sl="26" sc="13" el="26" ec="70" bec="0" bev="0" fileid="2" />
                <SequencePoint vc="1" uspid="75" ordinal="8" offset="223" sl="27" sc="13" el="27" ec="74" bec="0" bev="0" fileid="2" />
                <SequencePoint vc="1" uspid="76" ordinal="9" offset="302" sl="28" sc="13" el="28" ec="72" bec="0" bev="0" fileid="2" />
                <SequencePoint vc="1" uspid="77" ordinal="10" offset="382" sl="31" sc="13" el="31" ec="59" bec="0" bev="0" fileid="2" />
                <SequencePoint vc="1" uspid="78" ordinal="11" offset="396" sl="32" sc="13" el="32" ec="49" bec="0" bev="0" fileid="2" />
                <SequencePoint vc="0" uspid="79" ordinal="12" offset="406" sl="34" sc="13" el="34" ec="75" bec="0" bev="0" fileid="2" />
                <SequencePoint vc="0" uspid="80" ordinal="13" offset="526" sl="35" sc="13" el="35" ec="66" bec="0" bev="0" fileid="2" />
                <SequencePoint vc="0" uspid="81" ordinal="14" offset="612" sl="36" sc="9" el="36" ec="10" bec="0" bev="0" fileid="2" />
              </SequencePoints>
              <BranchPoints />
              <MethodPoint xsi:type="SequencePoint" vc="1" uspid="67" ordinal="0" offset="0" sl="17" sc="9" el="17" ec="10" bec="0" bev="0" fileid="2" />
            </Method>
            <Method visited="true" cyclomaticComplexity="1" nPathComplexity="0" sequenceCoverage="43.75" branchCoverage="100" crapScore="1.18" isConstructor="false" isStatic="false" isGetter="false" isSetter="false">
              <Summary numSequencePoints="16" visitedSequencePoints="7" numBranchPoints="1" visitedBranchPoints="1" sequenceCoverage="43.75" branchCoverage="100" maxCyclomaticComplexity="1" minCyclomaticComplexity="1" maxCrapScore="1.18" minCrapScore="1.18" visitedClasses="0" numClasses="0" visitedMethods="1" numMethods="1" />
              <MetadataToken>100663304</MetadataToken>
              <Name>System.Void UnitTestForTestsApplication.QuestionMethodsTests::EditQuest()</Name>
              <FileRef uid="2" />
              <SequencePoints>
                <SequencePoint vc="1" uspid="82" ordinal="0" offset="0" sl="40" sc="9" el="40" ec="10" bec="0" bev="0" fileid="2" />
                <SequencePoint vc="1" uspid="83" ordinal="1" offset="1" sl="41" sc="13" el="41" ec="57" bec="0" bev="0" fileid="2" />
                <SequencePoint vc="1" uspid="84" ordinal="2" offset="14" sl="43" sc="13" el="43" ec="118" bec="0" bev="0" fileid="2" />
                <SequencePoint vc="1" uspid="85" ordinal="3" offset="50" sl="45" sc="13" el="45" ec="60" bec="0" bev="0" fileid="2" />
                <SequencePoint vc="1" uspid="86" ordinal="4" offset="56" sl="46" sc="13" el="46" ec="73" bec="0" bev="0" fileid="2" />
                <SequencePoint vc="1" uspid="87" ordinal="5" offset="134" sl="48" sc="13" el="48" ec="59" bec="0" bev="0" fileid="2" />
                <SequencePoint vc="1" uspid="88" ordinal="6" offset="146" sl="50" sc="13" el="50" ec="53" bec="0" bev="0" fileid="2" />
                <SequencePoint vc="0" uspid="89" ordinal="7" offset="155" sl="51" sc="13" el="51" ec="44" bec="0" bev="0" fileid="2" />
                <SequencePoint vc="0" uspid="90" ordinal="8" offset="171" sl="53" sc="13" el="53" ec="51" bec="0" bev="0" fileid="2" />
                <SequencePoint vc="0" uspid="91" ordinal="9" offset="190" sl="55" sc="13" el="55" ec="51" bec="0" bev="0" fileid="2" />
                <SequencePoint vc="0" uspid="92" ordinal="10" offset="206" sl="57" sc="13" el="57" ec="54" bec="0" bev="0" fileid="2" />
                <SequencePoint vc="0" uspid="93" ordinal="11" offset="215" sl="58" sc="13" el="58" ec="45" bec="0" bev="0" fileid="2" />
                <SequencePoint vc="0" uspid="94" ordinal="12" offset="231" sl="60" sc="13" el="60" ec="73" bec="0" bev="0" fileid="2" />
                <SequencePoint vc="0" uspid="95" ordinal="13" offset="260" sl="61" sc="13" el="61" ec="74" bec="0" bev="0" fileid="2" />
                <SequencePoint vc="0" uspid="96" ordinal="14" offset="380" sl="62" sc="13" el="62" ec="66" bec="0" bev="0" fileid="2" />
                <SequencePoint vc="0" uspid="97" ordinal="15" offset="465" sl="63" sc="9" el="63" ec="10" bec="0" bev="0" fileid="2" />
              </SequencePoints>
              <BranchPoints />
              <MethodPoint xsi:type="SequencePoint" vc="1" uspid="82" ordinal="0" offset="0" sl="40" sc="9" el="40" ec="10" bec="0" bev="0" fileid="2" />
            </Method>
            <Method visited="true" cyclomaticComplexity="1" nPathComplexity="0" sequenceCoverage="75" branchCoverage="100" crapScore="1.02" isConstructor="false" isStatic="false" isGetter="false" isSetter="false">
              <Summary numSequencePoints="12" visitedSequencePoints="9" numBranchPoints="1" visitedBranchPoints="1" sequenceCoverage="75" branchCoverage="100" maxCyclomaticComplexity="1" minCyclomaticComplexity="1" maxCrapScore="1.02" minCrapScore="1.02" visitedClasses="0" numClasses="0" visitedMethods="1" numMethods="1" />
              <MetadataToken>100663305</MetadataToken>
              <Name>System.Void UnitTestForTestsApplication.QuestionMethodsTests::GetQuestionsTest()</Name>
              <FileRef uid="2" />
              <SequencePoints>
                <SequencePoint vc="1" uspid="98" ordinal="0" offset="0" sl="67" sc="9" el="67" ec="10" bec="0" bev="0" fileid="2" />
                <SequencePoint vc="1" uspid="99" ordinal="1" offset="1" sl="68" sc="13" el="68" ec="57" bec="0" bev="0" fileid="2" />
                <SequencePoint vc="1" uspid="100" ordinal="2" offset="14" sl="70" sc="13" el="70" ec="110" bec="0" bev="0" fileid="2" />
                <SequencePoint vc="1" uspid="101" ordinal="3" offset="51" sl="71" sc="13" el="71" ec="118" bec="0" bev="0" fileid="2" />
                <SequencePoint vc="1" uspid="102" ordinal="4" offset="87" sl="73" sc="13" el="73" ec="60" bec="0" bev="0" fileid="2" />
                <SequencePoint vc="1" uspid="103" ordinal="5" offset="93" sl="74" sc="13" el="74" ec="70" bec="0" bev="0" fileid="2" />
                <SequencePoint vc="1" uspid="104" ordinal="6" offset="171" sl="75" sc="13" el="75" ec="73" bec="0" bev="0" fileid="2" />
                <SequencePoint vc="1" uspid="105" ordinal="7" offset="249" sl="77" sc="13" el="77" ec="59" bec="0" bev="0" fileid="2" />
                <SequencePoint vc="1" uspid="106" ordinal="8" offset="262" sl="79" sc="13" el="79" ec="53" bec="0" bev="0" fileid="2" />
                <SequencePoint vc="0" uspid="107" ordinal="9" offset="272" sl="81" sc="13" el="81" ec="44" bec="0" bev="0" fileid="2" />
                <SequencePoint vc="0" uspid="108" ordinal="10" offset="288" sl="82" sc="13" el="82" ec="44" bec="0" bev="0" fileid="2" />
                <SequencePoint vc="0" uspid="109" ordinal="11" offset="308" sl="83" sc="9" el="83" ec="10" bec="0" bev="0" fileid="2" />
              </SequencePoints>
              <BranchPoints />
              <MethodPoint xsi:type="SequencePoint" vc="1" uspid="98" ordinal="0" offset="0" sl="67" sc="9" el="67" ec="10" bec="0" bev="0" fileid="2" />
            </Method>
            <Method visited="true" cyclomaticComplexity="1" nPathComplexity="0" sequenceCoverage="63.64" branchCoverage="100" crapScore="1.05" isConstructor="false" isStatic="false" isGetter="false" isSetter="false">
              <Summary numSequencePoints="11" visitedSequencePoints="7" numBranchPoints="1" visitedBranchPoints="1" sequenceCoverage="63.64" branchCoverage="100" maxCyclomaticComplexity="1" minCyclomaticComplexity="1" maxCrapScore="1.05" minCrapScore="1.05" visitedClasses="0" numClasses="0" visitedMethods="1" numMethods="1" />
              <MetadataToken>100663306</MetadataToken>
              <Name>System.Void UnitTestForTestsApplication.QuestionMethodsTests::DeleteQuestionTest()</Name>
              <FileRef uid="2" />
              <SequencePoints>
                <SequencePoint vc="1" uspid="110" ordinal="0" offset="0" sl="87" sc="9" el="87" ec="10" bec="0" bev="0" fileid="2" />
                <SequencePoint vc="1" uspid="111" ordinal="1" offset="1" sl="88" sc="13" el="88" ec="57" bec="0" bev="0" fileid="2" />
                <SequencePoint vc="1" uspid="112" ordinal="2" offset="14" sl="90" sc="13" el="90" ec="118" bec="0" bev="0" fileid="2" />
                <SequencePoint vc="1" uspid="113" ordinal="3" offset="50" sl="92" sc="13" el="92" ec="60" bec="0" bev="0" fileid="2" />
                <SequencePoint vc="1" uspid="114" ordinal="4" offset="56" sl="93" sc="13" el="93" ec="73" bec="0" bev="0" fileid="2" />
                <SequencePoint vc="1" uspid="115" ordinal="5" offset="134" sl="95" sc="13" el="95" ec="59" bec="0" bev="0" fileid="2" />
                <SequencePoint vc="1" uspid="116" ordinal="6" offset="146" sl="97" sc="13" el="97" ec="53" bec="0" bev="0" fileid="2" />
                <SequencePoint vc="0" uspid="117" ordinal="7" offset="155" sl="98" sc="13" el="98" ec="45" bec="0" bev="0" fileid="2" />
                <SequencePoint vc="0" uspid="118" ordinal="8" offset="170" sl="100" sc="13" el="100" ec="77" bec="0" bev="0" fileid="2" />
                <SequencePoint vc="0" uspid="119" ordinal="9" offset="290" sl="101" sc="13" el="101" ec="66" bec="0" bev="0" fileid="2" />
                <SequencePoint vc="0" uspid="120" ordinal="10" offset="375" sl="102" sc="9" el="102" ec="10" bec="0" bev="0" fileid="2" />
              </SequencePoints>
              <BranchPoints />
              <MethodPoint xsi:type="SequencePoint" vc="1" uspid="110" ordinal="0" offset="0" sl="87" sc="9" el="87" ec="10" bec="0" bev="0" fileid="2" />
            </Method>
            <Method visited="true" cyclomaticComplexity="1" nPathComplexity="0" sequenceCoverage="72.73" branchCoverage="100" crapScore="1.02" isConstructor="false" isStatic="false" isGetter="false" isSetter="false">
              <Summary numSequencePoints="11" visitedSequencePoints="8" numBranchPoints="1" visitedBranchPoints="1" sequenceCoverage="72.73" branchCoverage="100" maxCyclomaticComplexity="1" minCyclomaticComplexity="1" maxCrapScore="1.02" minCrapScore="1.02" visitedClasses="0" numClasses="0" visitedMethods="1" numMethods="1" />
              <MetadataToken>100663307</MetadataToken>
              <Name>System.Void UnitTestForTestsApplication.QuestionMethodsTests::SearchQuestionTest()</Name>
              <FileRef uid="2" />
              <SequencePoints>
                <SequencePoint vc="1" uspid="121" ordinal="0" offset="0" sl="106" sc="9" el="106" ec="10" bec="0" bev="0" fileid="2" />
                <SequencePoint vc="1" uspid="122" ordinal="1" offset="1" sl="107" sc="13" el="107" ec="57" bec="0" bev="0" fileid="2" />
                <SequencePoint vc="1" uspid="123" ordinal="2" offset="14" sl="108" sc="13" el="108" ec="69" bec="0" bev="0" fileid="2" />
                <SequencePoint vc="1" uspid="124" ordinal="3" offset="33" sl="111" sc="13" el="111" ec="84" bec="0" bev="0" fileid="2" />
                <SequencePoint vc="1" uspid="125" ordinal="4" offset="52" sl="113" sc="13" el="113" ec="60" bec="0" bev="0" fileid="2" />
                <SequencePoint vc="1" uspid="126" ordinal="5" offset="58" sl="114" sc="13" el="114" ec="73" bec="0" bev="0" fileid="2" />
                <SequencePoint vc="1" uspid="127" ordinal="6" offset="136" sl="118" sc="13" el="118" ec="59" bec="0" bev="0" fileid="2" />
                <SequencePoint vc="1" uspid="128" ordinal="7" offset="149" sl="119" sc="13" el="119" ec="53" bec="0" bev="0" fileid="2" />
                <SequencePoint vc="0" uspid="129" ordinal="8" offset="159" sl="120" sc="13" el="120" ec="66" bec="0" bev="0" fileid="2" />
                <SequencePoint vc="0" uspid="130" ordinal="9" offset="181" sl="122" sc="13" el="122" ec="41" bec="0" bev="0" fileid="2" />
                <SequencePoint vc="0" uspid="131" ordinal="10" offset="190" sl="123" sc="9" el="123" ec="10" bec="0" bev="0" fileid="2" />
              </SequencePoints>
              <BranchPoints />
              <MethodPoint xsi:type="SequencePoint" vc="1" uspid="121" ordinal="0" offset="0" sl="106" sc="9" el="106" ec="10" bec="0" bev="0" fileid="2" />
            </Method>
            <Method visited="false" cyclomaticComplexity="1" nPathComplexity="0" sequenceCoverage="0" branchCoverage="0" crapScore="2" isConstructor="true" isStatic="false" isGetter="false" isSetter="false">
              <Summary numSequencePoints="0" visitedSequencePoints="0" numBranchPoints="0" visitedBranchPoints="0" sequenceCoverage="0" branchCoverage="0" maxCyclomaticComplexity="1" minCyclomaticComplexity="1" maxCrapScore="2" minCrapScore="2" visitedClasses="0" numClasses="0" visitedMethods="0" numMethods="0" />
              <MetadataToken>100663308</MetadataToken>
              <Name>System.Void UnitTestForTestsApplication.QuestionMethodsTests::.ctor()</Name>
              <SequencePoints />
              <BranchPoints />
              <MethodPoint vc="0" uspid="132" ordinal="0" offset="0" />
            </Method>
          </Methods>
        </Class>
        <Class>
          <Summary numSequencePoints="52" visitedSequencePoints="52" numBranchPoints="5" visitedBranchPoints="5" sequenceCoverage="100" branchCoverage="100" maxCyclomaticComplexity="1" minCyclomaticComplexity="1" maxCrapScore="2" minCrapScore="1" visitedClasses="1" numClasses="1" visitedMethods="5" numMethods="5" />
          <FullName>UnitTestForTestsApplication.TestsMethodsTests</FullName>
          <Methods>
            <Method visited="true" cyclomaticComplexity="1" nPathComplexity="0" sequenceCoverage="100" branchCoverage="100" crapScore="1" isConstructor="false" isStatic="true" isGetter="false" isSetter="false">
              <Summary numSequencePoints="9" visitedSequencePoints="9" numBranchPoints="1" visitedBranchPoints="1" sequenceCoverage="100" branchCoverage="100" maxCyclomaticComplexity="1" minCyclomaticComplexity="1" maxCrapScore="1" minCrapScore="1" visitedClasses="0" numClasses="0" visitedMethods="1" numMethods="1" />
              <MetadataToken>100663309</MetadataToken>
              <Name>Moq.Mock`1&lt;System.Data.Entity.DbSet`1&lt;T&gt;&gt; UnitTestForTestsApplication.TestsMethodsTests::Create(System.Collections.Generic.IEnumerable`1&lt;T&gt;)</Name>
              <FileRef uid="3" />
              <SequencePoints>
                <SequencePoint vc="19" uspid="133" ordinal="0" offset="6" sl="16" sc="9" el="16" ec="10" bec="0" bev="0" fileid="3" />
                <SequencePoint vc="19" uspid="134" ordinal="1" offset="7" sl="17" sc="13" el="17" ec="48" bec="0" bev="0" fileid="3" />
                <SequencePoint vc="19" uspid="135" ordinal="2" offset="19" sl="18" sc="13" el="18" ec="45" bec="0" bev="0" fileid="3" />
                <SequencePoint vc="19" uspid="136" ordinal="3" offset="25" sl="19" sc="13" el="19" ec="89" bec="0" bev="0" fileid="3" />
                <SequencePoint vc="19" uspid="137" ordinal="4" offset="110" sl="20" sc="13" el="20" ec="93" bec="0" bev="0" fileid="3" />
                <SequencePoint vc="19" uspid="138" ordinal="5" offset="195" sl="21" sc="13" el="21" ec="95" bec="0" bev="0" fileid="3" />
                <SequencePoint vc="19" uspid="139" ordinal="6" offset="280" sl="22" sc="13" el="22" ec="109" bec="0" bev="0" fileid="3" />
                <SequencePoint vc="19" uspid="140" ordinal="7" offset="377" sl="24" sc="13" el="24" ec="25" bec="0" bev="0" fileid="3" />
                <SequencePoint vc="19" uspid="141" ordinal="8" offset="381" sl="25" sc="9" el="25" ec="10" bec="0" bev="0" fileid="3" />
              </SequencePoints>
              <BranchPoints />
              <MethodPoint vc="19" uspid="142" ordinal="0" offset="0" />
            </Method>
            <Method visited="true" cyclomaticComplexity="1" nPathComplexity="0" sequenceCoverage="100" branchCoverage="100" crapScore="1" isConstructor="false" isStatic="false" isGetter="false" isSetter="false">
              <Summary numSequencePoints="10" visitedSequencePoints="10" numBranchPoints="1" visitedBranchPoints="1" sequenceCoverage="100" branchCoverage="100" maxCyclomaticComplexity="1" minCyclomaticComplexity="1" maxCrapScore="1" minCrapScore="1" visitedClasses="0" numClasses="0" visitedMethods="1" numMethods="1" />
              <MetadataToken>100663310</MetadataToken>
              <Name>System.Void UnitTestForTestsApplication.TestsMethodsTests::AddTest()</Name>
              <FileRef uid="3" />
              <SequencePoints>
                <SequencePoint vc="1" uspid="143" ordinal="0" offset="0" sl="29" sc="9" el="29" ec="10" bec="0" bev="0" fileid="3" />
                <SequencePoint vc="1" uspid="144" ordinal="1" offset="1" sl="30" sc="13" el="30" ec="54" bec="0" bev="0" fileid="3" />
                <SequencePoint vc="1" uspid="145" ordinal="2" offset="14" sl="32" sc="13" el="32" ec="51" bec="0" bev="0" fileid="3" />
                <SequencePoint vc="1" uspid="146" ordinal="3" offset="20" sl="34" sc="13" el="34" ec="60" bec="0" bev="0" fileid="3" />
                <SequencePoint vc="1" uspid="147" ordinal="4" offset="26" sl="35" sc="13" el="35" ec="69" bec="0" bev="0" fileid="3" />
                <SequencePoint vc="1" uspid="148" ordinal="5" offset="104" sl="37" sc="13" el="37" ec="59" bec="0" bev="0" fileid="3" />
                <SequencePoint vc="1" uspid="149" ordinal="6" offset="116" sl="38" sc="13" el="38" ec="38" bec="0" bev="0" fileid="3" />
                <SequencePoint vc="1" uspid="150" ordinal="7" offset="124" sl="40" sc="13" el="40" ec="70" bec="0" bev="0" fileid="3" />
                <SequencePoint vc="1" uspid="151" ordinal="8" offset="244" sl="41" sc="13" el="41" ec="66" bec="0" bev="0" fileid="3" />
                <SequencePoint vc="1" uspid="152" ordinal="9" offset="329" sl="42" sc="9" el="42" ec="10" bec="0" bev="0" fileid="3" />
              </SequencePoints>
              <BranchPoints />
              <MethodPoint xsi:type="SequencePoint" vc="1" uspid="143" ordinal="0" offset="0" sl="29" sc="9" el="29" ec="10" bec="0" bev="0" fileid="3" />
            </Method>
            <Method visited="true" cyclomaticComplexity="1" nPathComplexity="0" sequenceCoverage="100" branchCoverage="100" crapScore="1" isConstructor="false" isStatic="false" isGetter="false" isSetter="false">
              <Summary numSequencePoints="14" visitedSequencePoints="14" numBranchPoints="1" visitedBranchPoints="1" sequenceCoverage="100" branchCoverage="100" maxCyclomaticComplexity="1" minCyclomaticComplexity="1" maxCrapScore="1" minCrapScore="1" visitedClasses="0" numClasses="0" visitedMethods="1" numMethods="1" />
              <MetadataToken>100663311</MetadataToken>
              <Name>System.Void UnitTestForTestsApplication.TestsMethodsTests::EditTest()</Name>
              <FileRef uid="3" />
              <SequencePoints>
                <SequencePoint vc="1" uspid="153" ordinal="0" offset="0" sl="46" sc="9" el="46" ec="10" bec="0" bev="0" fileid="3" />
                <SequencePoint vc="1" uspid="154" ordinal="1" offset="1" sl="47" sc="13" el="47" ec="91" bec="0" bev="0" fileid="3" />
                <SequencePoint vc="1" uspid="155" ordinal="2" offset="38" sl="49" sc="13" el="49" ec="60" bec="0" bev="0" fileid="3" />
                <SequencePoint vc="1" uspid="156" ordinal="3" offset="44" sl="50" sc="13" el="50" ec="69" bec="0" bev="0" fileid="3" />
                <SequencePoint vc="1" uspid="157" ordinal="4" offset="122" sl="52" sc="13" el="52" ec="59" bec="0" bev="0" fileid="3" />
                <SequencePoint vc="1" uspid="158" ordinal="5" offset="134" sl="54" sc="13" el="54" ec="43" bec="0" bev="0" fileid="3" />
                <SequencePoint vc="1" uspid="159" ordinal="6" offset="141" sl="55" sc="13" el="55" ec="44" bec="0" bev="0" fileid="3" />
                <SequencePoint vc="1" uspid="160" ordinal="7" offset="156" sl="57" sc="13" el="57" ec="31" bec="0" bev="0" fileid="3" />
                <SequencePoint vc="1" uspid="161" ordinal="8" offset="171" sl="59" sc="13" el="59" ec="39" bec="0" bev="0" fileid="3" />
                <SequencePoint vc="1" uspid="162" ordinal="9" offset="185" sl="61" sc="13" el="61" ec="44" bec="0" bev="0" fileid="3" />
                <SequencePoint vc="1" uspid="163" ordinal="10" offset="193" sl="62" sc="13" el="62" ec="45" bec="0" bev="0" fileid="3" />
                <SequencePoint vc="1" uspid="164" ordinal="11" offset="209" sl="64" sc="13" el="64" ec="48" bec="0" bev="0" fileid="3" />
                <SequencePoint vc="1" uspid="165" ordinal="12" offset="230" sl="65" sc="13" el="65" ec="66" bec="0" bev="0" fileid="3" />
                <SequencePoint vc="1" uspid="166" ordinal="13" offset="315" sl="66" sc="9" el="66" ec="10" bec="0" bev="0" fileid="3" />
              </SequencePoints>
              <BranchPoints />
              <MethodPoint xsi:type="SequencePoint" vc="1" uspid="153" ordinal="0" offset="0" sl="46" sc="9" el="46" ec="10" bec="0" bev="0" fileid="3" />
            </Method>
            <Method visited="true" cyclomaticComplexity="1" nPathComplexity="0" sequenceCoverage="100" branchCoverage="100" crapScore="1" isConstructor="false" isStatic="false" isGetter="false" isSetter="false">
              <Summary numSequencePoints="9" visitedSequencePoints="9" numBranchPoints="1" visitedBranchPoints="1" sequenceCoverage="100" branchCoverage="100" maxCyclomaticComplexity="1" minCyclomaticComplexity="1" maxCrapScore="1" minCrapScore="1" visitedClasses="0" numClasses="0" visitedMethods="1" numMethods="1" />
              <MetadataToken>100663312</MetadataToken>
              <Name>System.Void UnitTestForTestsApplication.TestsMethodsTests::GetTestsTest()</Name>
              <FileRef uid="3" />
              <SequencePoints>
                <SequencePoint vc="1" uspid="167" ordinal="0" offset="0" sl="70" sc="9" el="70" ec="10" bec="0" bev="0" fileid="3" />
                <SequencePoint vc="1" uspid="168" ordinal="1" offset="1" sl="71" sc="13" el="71" ec="91" bec="0" bev="0" fileid="3" />
                <SequencePoint vc="1" uspid="169" ordinal="2" offset="38" sl="73" sc="13" el="73" ec="60" bec="0" bev="0" fileid="3" />
                <SequencePoint vc="1" uspid="170" ordinal="3" offset="44" sl="74" sc="13" el="74" ec="69" bec="0" bev="0" fileid="3" />
                <SequencePoint vc="1" uspid="171" ordinal="4" offset="122" sl="76" sc="13" el="76" ec="59" bec="0" bev="0" fileid="3" />
                <SequencePoint vc="1" uspid="172" ordinal="5" offset="134" sl="78" sc="13" el="78" ec="43" bec="0" bev="0" fileid="3" />
                <SequencePoint vc="1" uspid="173" ordinal="6" offset="141" sl="80" sc="13" el="80" ec="44" bec="0" bev="0" fileid="3" />
                <SequencePoint vc="1" uspid="174" ordinal="7" offset="156" sl="81" sc="13" el="81" ec="44" bec="0" bev="0" fileid="3" />
                <SequencePoint vc="1" uspid="175" ordinal="8" offset="175" sl="82" sc="9" el="82" ec="10" bec="0" bev="0" fileid="3" />
              </SequencePoints>
              <BranchPoints />
              <MethodPoint xsi:type="SequencePoint" vc="1" uspid="167" ordinal="0" offset="0" sl="70" sc="9" el="70" ec="10" bec="0" bev="0" fileid="3" />
            </Method>
            <Method visited="true" cyclomaticComplexity="1" nPathComplexity="0" sequenceCoverage="100" branchCoverage="100" crapScore="1" isConstructor="false" isStatic="false" isGetter="false" isSetter="false">
              <Summary numSequencePoints="10" visitedSequencePoints="10" numBranchPoints="1" visitedBranchPoints="1" sequenceCoverage="100" branchCoverage="100" maxCyclomaticComplexity="1" minCyclomaticComplexity="1" maxCrapScore="1" minCrapScore="1" visitedClasses="0" numClasses="0" visitedMethods="1" numMethods="1" />
              <MetadataToken>100663313</MetadataToken>
              <Name>System.Void UnitTestForTestsApplication.TestsMethodsTests::DeleteTestTest()</Name>
              <FileRef uid="3" />
              <SequencePoints>
                <SequencePoint vc="1" uspid="176" ordinal="0" offset="0" sl="86" sc="9" el="86" ec="10" bec="0" bev="0" fileid="3" />
                <SequencePoint vc="1" uspid="177" ordinal="1" offset="1" sl="87" sc="13" el="87" ec="91" bec="0" bev="0" fileid="3" />
                <SequencePoint vc="1" uspid="178" ordinal="2" offset="38" sl="89" sc="13" el="89" ec="60" bec="0" bev="0" fileid="3" />
                <SequencePoint vc="1" uspid="179" ordinal="3" offset="44" sl="90" sc="13" el="90" ec="69" bec="0" bev="0" fileid="3" />
                <SequencePoint vc="1" uspid="180" ordinal="4" offset="122" sl="92" sc="13" el="92" ec="59" bec="0" bev="0" fileid="3" />
                <SequencePoint vc="1" uspid="181" ordinal="5" offset="134" sl="94" sc="13" el="94" ec="43" bec="0" bev="0" fileid="3" />
                <SequencePoint vc="1" uspid="182" ordinal="6" offset="141" sl="95" sc="13" el="95" ec="41" bec="0" bev="0" fileid="3" />
                <SequencePoint vc="1" uspid="183" ordinal="7" offset="155" sl="97" sc="13" el="97" ec="73" bec="0" bev="0" fileid="3" />
                <SequencePoint vc="1" uspid="184" ordinal="8" offset="275" sl="98" sc="13" el="98" ec="66" bec="0" bev="0" fileid="3" />
                <SequencePoint vc="1" uspid="185" ordinal="9" offset="360" sl="99" sc="9" el="99" ec="10" bec="0" bev="0" fileid="3" />
              </SequencePoints>
              <BranchPoints />
              <MethodPoint xsi:type="SequencePoint" vc="1" uspid="176" ordinal="0" offset="0" sl="86" sc="9" el="86" ec="10" bec="0" bev="0" fileid="3" />
            </Method>
            <Method visited="false" cyclomaticComplexity="1" nPathComplexity="0" sequenceCoverage="0" branchCoverage="0" crapScore="2" isConstructor="true" isStatic="false" isGetter="false" isSetter="false">
              <Summary numSequencePoints="0" visitedSequencePoints="0" numBranchPoints="0" visitedBranchPoints="0" sequenceCoverage="0" branchCoverage="0" maxCyclomaticComplexity="1" minCyclomaticComplexity="1" maxCrapScore="2" minCrapScore="2" visitedClasses="0" numClasses="0" visitedMethods="0" numMethods="0" />
              <MetadataToken>100663314</MetadataToken>
              <Name>System.Void UnitTestForTestsApplication.TestsMethodsTests::.ctor()</Name>
              <SequencePoints />
              <BranchPoints />
              <MethodPoint vc="0" uspid="186" ordinal="0" offset="0" />
            </Method>
          </Methods>
        </Class>
        <Class>
          <Summary numSequencePoints="1" visitedSequencePoints="0" numBranchPoints="1" visitedBranchPoints="0" sequenceCoverage="0" branchCoverage="0" maxCyclomaticComplexity="1" minCyclomaticComplexity="1" maxCrapScore="2" minCrapScore="2" visitedClasses="0" numClasses="1" visitedMethods="0" numMethods="1" />
          <FullName>UnitTestForTestsApplication.TestsMethodsTests/&lt;&gt;c__DisplayClass0_0`1</FullName>
          <Methods>
            <Method visited="false" cyclomaticComplexity="1" nPathComplexity="0" sequenceCoverage="0" branchCoverage="0" crapScore="2" isConstructor="true" isStatic="false" isGetter="false" isSetter="false">
              <Summary numSequencePoints="0" visitedSequencePoints="0" numBranchPoints="0" visitedBranchPoints="0" sequenceCoverage="0" branchCoverage="0" maxCyclomaticComplexity="1" minCyclomaticComplexity="1" maxCrapScore="2" minCrapScore="2" visitedClasses="0" numClasses="0" visitedMethods="0" numMethods="0" />
              <MetadataToken>100663315</MetadataToken>
              <Name>System.Void UnitTestForTestsApplication.TestsMethodsTests/&lt;&gt;c__DisplayClass0_0`1::.ctor()</Name>
              <SequencePoints />
              <BranchPoints />
              <MethodPoint vc="0" uspid="187" ordinal="0" offset="0" />
            </Method>
            <Method visited="false" cyclomaticComplexity="1" nPathComplexity="0" sequenceCoverage="0" branchCoverage="0" crapScore="2" isConstructor="false" isStatic="false" isGetter="false" isSetter="false">
              <Summary numSequencePoints="1" visitedSequencePoints="0" numBranchPoints="1" visitedBranchPoints="0" sequenceCoverage="0" branchCoverage="0" maxCyclomaticComplexity="1" minCyclomaticComplexity="1" maxCrapScore="2" minCrapScore="2" visitedClasses="0" numClasses="0" visitedMethods="0" numMethods="1" />
              <MetadataToken>100663316</MetadataToken>
              <Name>System.Collections.Generic.IEnumerator`1&lt;T&gt; UnitTestForTestsApplication.TestsMethodsTests/&lt;&gt;c__DisplayClass0_0`1::&lt;Create&gt;b__0()</Name>
              <FileRef uid="3" />
              <SequencePoints>
                <SequencePoint vc="0" uspid="188" ordinal="0" offset="0" sl="22" sc="82" el="22" ec="107" bec="0" bev="0" fileid="3" />
              </SequencePoints>
              <BranchPoints />
              <MethodPoint xsi:type="SequencePoint" vc="0" uspid="188" ordinal="0" offset="0" sl="22" sc="82" el="22" ec="107" bec="0" bev="0" fileid="3" />
            </Method>
          </Methods>
        </Class>
      </Classes>
    </Module>
    <Module hash="AA-F3-16-0A-0D-2E-FD-4D-C2-29-63-CA-A0-27-42-F3-4F-0F-DB-0E">
      <Summary numSequencePoints="179" visitedSequencePoints="90" numBranchPoints="82" visitedBranchPoints="38" sequenceCoverage="50.28" branchCoverage="46.34" maxCyclomaticComplexity="4" minCyclomaticComplexity="1" maxCrapScore="20" minCrapScore="1" visitedClasses="5" numClasses="6" visitedMethods="31" numMethods="52" />
      <ModulePath>C:\Users\cathe\OneDrive\Документы\Visual Studio 2015\Projects\Test2\UnitTestForTestsApplication\bin\Debug\TestsSeviceLib.dll</ModulePath>
      <ModuleTime>2019-12-09T18:05:00.1999041Z</ModuleTime>
      <ModuleName>TestsSeviceLib</ModuleName>
      <Files>
        <File uid="9" fullPath="C:\Users\cathe\OneDrive\Документы\Visual Studio 2015\Projects\Test2\TestsSeviceLib\Service.cs" />
        <File uid="11" fullPath="C:\Users\cathe\OneDrive\Документы\Visual Studio 2015\Projects\Test2\TestsSeviceLib\UIDataObjects.cs" />
      </Files>
      <Classes>
        <Class>
          <Summary numSequencePoints="119" visitedSequencePoints="49" numBranchPoints="43" visitedBranchPoints="15" sequenceCoverage="41.18" branchCoverage="34.88" maxCyclomaticComplexity="4" minCyclomaticComplexity="1" maxCrapScore="20" minCrapScore="1" visitedClasses="1" numClasses="1" visitedMethods="8" numMethods="15" />
          <FullName>TestsSeviceLib.Service</FullName>
          <Methods>
            <Method visited="false" cyclomaticComplexity="1" nPathComplexity="0" sequenceCoverage="0" branchCoverage="0" crapScore="2" isConstructor="true" isStatic="false" isGetter="false" isSetter="false">
              <Summary numSequencePoints="4" visitedSequencePoints="0" numBranchPoints="1" visitedBranchPoints="0" sequenceCoverage="0" branchCoverage="0" maxCyclomaticComplexity="1" minCyclomaticComplexity="1" maxCrapScore="2" minCrapScore="2" visitedClasses="0" numClasses="0" visitedMethods="0" numMethods="1" />
              <MetadataToken>100663297</MetadataToken>
              <Name>System.Void TestsSeviceLib.Service::.ctor()</Name>
              <FileRef uid="9" />
              <SequencePoints>
                <SequencePoint vc="0" uspid="189" ordinal="0" offset="0" sl="14" sc="9" el="14" ec="25" bec="0" bev="0" fileid="9" />
                <SequencePoint vc="0" uspid="190" ordinal="1" offset="7" sl="15" sc="9" el="15" ec="10" bec="0" bev="0" fileid="9" />
                <SequencePoint vc="0" uspid="191" ordinal="2" offset="8" sl="16" sc="13" el="16" ec="48" bec="0" bev="0" fileid="9" />
                <SequencePoint vc="0" uspid="192" ordinal="3" offset="19" sl="17" sc="9" el="17" ec="10" bec="0" bev="0" fileid="9" />
              </SequencePoints>
              <BranchPoints />
              <MethodPoint xsi:type="SequencePoint" vc="0" uspid="189" ordinal="0" offset="0" sl="14" sc="9" el="14" ec="25" bec="0" bev="0" fileid="9" />
            </Method>
            <Method visited="true" cyclomaticComplexity="1" nPathComplexity="0" sequenceCoverage="100" branchCoverage="100" crapScore="1" isConstructor="true" isStatic="false" isGetter="false" isSetter="false">
              <Summary numSequencePoints="4" visitedSequencePoints="4" numBranchPoints="1" visitedBranchPoints="1" sequenceCoverage="100" branchCoverage="100" maxCyclomaticComplexity="1" minCyclomaticComplexity="1" maxCrapScore="1" minCrapScore="1" visitedClasses="0" numClasses="0" visitedMethods="1" numMethods="1" />
              <MetadataToken>100663298</MetadataToken>
              <Name>System.Void TestsSeviceLib.Service::.ctor(Test2.Test2DBContainer)</Name>
              <FileRef uid="9" />
              <SequencePoints>
                <SequencePoint vc="14" uspid="193" ordinal="0" offset="0" sl="19" sc="9" el="19" ec="50" bec="0" bev="0" fileid="9" />
                <SequencePoint vc="14" uspid="194" ordinal="1" offset="7" sl="20" sc="9" el="20" ec="10" bec="0" bev="0" fileid="9" />
                <SequencePoint vc="14" uspid="195" ordinal="2" offset="8" sl="21" sc="13" el="21" ec="34" bec="0" bev="0" fileid="9" />
                <SequencePoint vc="14" uspid="196" ordinal="3" offset="15" sl="22" sc="9" el="22" ec="10" bec="0" bev="0" fileid="9" />
              </SequencePoints>
              <BranchPoints />
              <MethodPoint xsi:type="SequencePoint" vc="14" uspid="193" ordinal="0" offset="0" sl="19" sc="9" el="19" ec="50" bec="0" bev="0" fileid="9" />
            </Method>
            <Method visited="true" cyclomaticComplexity="1" nPathComplexity="0" sequenceCoverage="100" branchCoverage="100" crapScore="1" isConstructor="false" isStatic="false" isGetter="false" isSetter="false">
              <Summary numSequencePoints="3" visitedSequencePoints="3" numBranchPoints="1" visitedBranchPoints="1" sequenceCoverage="100" branchCoverage="100" maxCyclomaticComplexity="1" minCyclomaticComplexity="1" maxCrapScore="1" minCrapScore="1" visitedClasses="0" numClasses="0" visitedMethods="1" numMethods="1" />
              <MetadataToken>100663299</MetadataToken>
              <Name>System.Collections.Generic.List`1&lt;TestsSeviceLib.UITest&gt; TestsSeviceLib.Service::GetTests()</Name>
              <FileRef uid="9" />
              <SequencePoints>
                <SequencePoint vc="4" uspid="197" ordinal="0" offset="0" sl="25" sc="9" el="25" ec="10" bec="0" bev="0" fileid="9" />
                <SequencePoint vc="4" uspid="198" ordinal="1" offset="1" sl="26" sc="13" el="26" ec="123" bec="0" bev="0" fileid="9" />
                <SequencePoint vc="4" uspid="199" ordinal="2" offset="219" sl="27" sc="9" el="27" ec="10" bec="0" bev="0" fileid="9" />
              </SequencePoints>
              <BranchPoints />
              <MethodPoint xsi:type="SequencePoint" vc="4" uspid="197" ordinal="0" offset="0" sl="25" sc="9" el="25" ec="10" bec="0" bev="0" fileid="9" />
            </Method>
            <Method visited="true" cyclomaticComplexity="3" nPathComplexity="4" sequenceCoverage="33.33" branchCoverage="20" crapScore="5.67" isConstructor="false" isStatic="false" isGetter="false" isSetter="false">
              <Summary numSequencePoints="6" visitedSequencePoints="2" numBranchPoints="5" visitedBranchPoints="1" sequenceCoverage="33.33" branchCoverage="20" maxCyclomaticComplexity="3" minCyclomaticComplexity="3" maxCrapScore="5.67" minCrapScore="5.67" visitedClasses="0" numClasses="0" visitedMethods="1" numMethods="1" />
              <MetadataToken>100663300</MetadataToken>
              <Name>System.Collections.Generic.List`1&lt;TestsSeviceLib.UIQuestion&gt; TestsSeviceLib.Service::GetQuestions(TestsSeviceLib.UITest)</Name>
              <FileRef uid="9" />
              <SequencePoints>
                <SequencePoint vc="7" uspid="200" ordinal="0" offset="13" sl="30" sc="9" el="30" ec="10" bec="0" bev="0" fileid="9" />
                <SequencePoint vc="7" uspid="201" ordinal="1" offset="14" sl="31" sc="13" el="31" ec="105" bec="0" bev="0" fileid="9" />
                <SequencePoint vc="0" uspid="202" ordinal="2" offset="154" sl="32" sc="13" el="32" ec="37" bec="2" bev="0" fileid="9" />
                <SequencePoint vc="0" uspid="203" ordinal="3" offset="167" sl="33" sc="17" el="33" ec="151" bec="2" bev="0" fileid="9" />
                <SequencePoint vc="0" uspid="204" ordinal="4" offset="218" sl="34" sc="13" el="34" ec="43" bec="0" bev="0" fileid="9" />
                <SequencePoint vc="0" uspid="205" ordinal="5" offset="227" sl="35" sc="9" el="35" ec="10" bec="0" bev="0" fileid="9" />
              </SequencePoints>
              <BranchPoints>
                <BranchPoint vc="0" uspid="206" ordinal="0" offset="165" sl="32" path="0" offsetend="167" fileid="9" />
                <BranchPoint vc="0" uspid="207" ordinal="1" offset="165" sl="32" path="1" offsetend="218" fileid="9" />
                <BranchPoint vc="0" uspid="208" ordinal="2" offset="179" sl="33" path="0" offsetend="181" fileid="9" />
                <BranchPoint vc="0" uspid="209" ordinal="3" offset="179" sl="33" path="1" offsetend="204" fileid="9" />
              </BranchPoints>
              <MethodPoint vc="7" uspid="210" ordinal="0" offset="0" />
            </Method>
            <Method visited="false" cyclomaticComplexity="4" nPathComplexity="8" sequenceCoverage="0" branchCoverage="0" crapScore="20" isConstructor="false" isStatic="false" isGetter="false" isSetter="false">
              <Summary numSequencePoints="9" visitedSequencePoints="0" numBranchPoints="7" visitedBranchPoints="0" sequenceCoverage="0" branchCoverage="0" maxCyclomaticComplexity="4" minCyclomaticComplexity="4" maxCrapScore="20" minCrapScore="20" visitedClasses="0" numClasses="0" visitedMethods="0" numMethods="1" />
              <MetadataToken>100663301</MetadataToken>
              <Name>System.Collections.Generic.List`1&lt;TestsSeviceLib.UIAnswer&gt; TestsSeviceLib.Service::GetAnswers(TestsSeviceLib.UIQuestion)</Name>
              <FileRef uid="9" />
              <SequencePoints>
                <SequencePoint vc="0" uspid="211" ordinal="0" offset="13" sl="38" sc="9" el="38" ec="10" bec="0" bev="0" fileid="9" />
                <SequencePoint vc="0" uspid="212" ordinal="1" offset="14" sl="39" sc="13" el="39" ec="34" bec="2" bev="0" fileid="9" />
                <SequencePoint vc="0" uspid="213" ordinal="2" offset="30" sl="40" sc="13" el="40" ec="14" bec="0" bev="0" fileid="9" />
                <SequencePoint vc="0" uspid="214" ordinal="3" offset="31" sl="41" sc="17" el="41" ec="86" bec="0" bev="0" fileid="9" />
                <SequencePoint vc="0" uspid="215" ordinal="4" offset="161" sl="42" sc="17" el="42" ec="39" bec="2" bev="0" fileid="9" />
                <SequencePoint vc="0" uspid="216" ordinal="5" offset="176" sl="43" sc="21" el="43" ec="106" bec="2" bev="0" fileid="9" />
                <SequencePoint vc="0" uspid="217" ordinal="6" offset="227" sl="44" sc="13" el="44" ec="14" bec="0" bev="0" fileid="9" />
                <SequencePoint vc="0" uspid="218" ordinal="7" offset="228" sl="45" sc="13" el="45" ec="41" bec="0" bev="0" fileid="9" />
                <SequencePoint vc="0" uspid="219" ordinal="8" offset="237" sl="46" sc="9" el="46" ec="10" bec="0" bev="0" fileid="9" />
              </SequencePoints>
              <BranchPoints>
                <BranchPoint vc="0" uspid="220" ordinal="0" offset="25" sl="39" path="0" offsetend="30" fileid="9" />
                <BranchPoint vc="0" uspid="221" ordinal="1" offset="25" sl="39" path="1" offsetend="228" fileid="9" />
                <BranchPoint vc="0" uspid="222" ordinal="2" offset="174" sl="42" path="0" offsetend="176" fileid="9" />
                <BranchPoint vc="0" uspid="223" ordinal="3" offset="174" sl="42" path="1" offsetend="227" fileid="9" />
                <BranchPoint vc="0" uspid="224" ordinal="4" offset="188" sl="43" path="0" offsetend="190" fileid="9" />
                <BranchPoint vc="0" uspid="225" ordinal="5" offset="188" sl="43" path="1" offsetend="213" fileid="9" />
              </BranchPoints>
              <MethodPoint vc="0" uspid="226" ordinal="0" offset="0" />
            </Method>
            <Method visited="true" cyclomaticComplexity="3" nPathComplexity="4" sequenceCoverage="100" branchCoverage="80" crapScore="3" isConstructor="false" isStatic="false" isGetter="false" isSetter="false">
              <Summary numSequencePoints="17" visitedSequencePoints="17" numBranchPoints="5" visitedBranchPoints="4" sequenceCoverage="100" branchCoverage="80" maxCyclomaticComplexity="3" minCyclomaticComplexity="3" maxCrapScore="3" minCrapScore="3" visitedClasses="0" numClasses="0" visitedMethods="1" numMethods="1" />
              <MetadataToken>100663302</MetadataToken>
              <Name>System.Void TestsSeviceLib.Service::SaveTest(TestsSeviceLib.UITest)</Name>
              <FileRef uid="9" />
              <SequencePoints>
                <SequencePoint vc="2" uspid="227" ordinal="0" offset="13" sl="49" sc="9" el="49" ec="10" bec="0" bev="0" fileid="9" />
                <SequencePoint vc="2" uspid="228" ordinal="1" offset="14" sl="50" sc="13" el="50" ec="31" bec="2" bev="2" fileid="9" />
                <SequencePoint vc="1" uspid="229" ordinal="2" offset="32" sl="51" sc="13" el="51" ec="14" bec="0" bev="0" fileid="9" />
                <SequencePoint vc="1" uspid="230" ordinal="3" offset="33" sl="52" sc="17" el="52" ec="63" bec="0" bev="0" fileid="9" />
                <SequencePoint vc="1" uspid="231" ordinal="4" offset="61" sl="53" sc="17" el="53" ec="43" bec="0" bev="0" fileid="9" />
                <SequencePoint vc="1" uspid="232" ordinal="5" offset="79" sl="54" sc="17" el="54" ec="41" bec="0" bev="0" fileid="9" />
                <SequencePoint vc="1" uspid="233" ordinal="6" offset="91" sl="55" sc="13" el="55" ec="14" bec="0" bev="0" fileid="9" />
                <SequencePoint vc="1" uspid="234" ordinal="7" offset="97" sl="57" sc="13" el="57" ec="14" bec="0" bev="0" fileid="9" />
                <SequencePoint vc="1" uspid="235" ordinal="8" offset="98" sl="58" sc="17" el="58" ec="80" bec="0" bev="0" fileid="9" />
                <SequencePoint vc="1" uspid="236" ordinal="9" offset="231" sl="59" sc="17" el="59" ec="31" bec="2" bev="1" fileid="9" />
                <SequencePoint vc="1" uspid="237" ordinal="10" offset="241" sl="60" sc="17" el="60" ec="18" bec="0" bev="0" fileid="9" />
                <SequencePoint vc="1" uspid="238" ordinal="11" offset="242" sl="61" sc="21" el="61" ec="42" bec="0" bev="0" fileid="9" />
                <SequencePoint vc="1" uspid="239" ordinal="12" offset="260" sl="62" sc="21" el="62" ec="52" bec="0" bev="0" fileid="9" />
                <SequencePoint vc="1" uspid="240" ordinal="13" offset="278" sl="63" sc="21" el="63" ec="45" bec="0" bev="0" fileid="9" />
                <SequencePoint vc="1" uspid="241" ordinal="14" offset="290" sl="64" sc="17" el="64" ec="18" bec="0" bev="0" fileid="9" />
                <SequencePoint vc="1" uspid="242" ordinal="15" offset="291" sl="65" sc="13" el="65" ec="14" bec="0" bev="0" fileid="9" />
                <SequencePoint vc="2" uspid="243" ordinal="16" offset="292" sl="66" sc="9" el="66" ec="10" bec="0" bev="0" fileid="9" />
              </SequencePoints>
              <BranchPoints>
                <BranchPoint vc="1" uspid="244" ordinal="0" offset="30" sl="50" path="0" offsetend="32" fileid="9" />
                <BranchPoint vc="1" uspid="245" ordinal="1" offset="30" sl="50" path="1" offsetend="97" fileid="9" />
                <BranchPoint vc="1" uspid="246" ordinal="2" offset="239" sl="59" path="0" offsetend="241" fileid="9" />
                <BranchPoint vc="0" uspid="247" ordinal="3" offset="239" sl="59" path="1" offsetend="291" fileid="9" />
              </BranchPoints>
              <MethodPoint vc="2" uspid="248" ordinal="0" offset="0" />
            </Method>
            <Method visited="true" cyclomaticComplexity="3" nPathComplexity="4" sequenceCoverage="27.78" branchCoverage="40" crapScore="6.39" isConstructor="false" isStatic="false" isGetter="false" isSetter="false">
              <Summary numSequencePoints="18" visitedSequencePoints="5" numBranchPoints="5" visitedBranchPoints="2" sequenceCoverage="27.78" branchCoverage="40" maxCyclomaticComplexity="3" minCyclomaticComplexity="3" maxCrapScore="6.39" minCrapScore="6.39" visitedClasses="0" numClasses="0" visitedMethods="1" numMethods="1" />
              <MetadataToken>100663303</MetadataToken>
              <Name>System.Void TestsSeviceLib.Service::SaveQuestion(TestsSeviceLib.UIQuestion,TestsSeviceLib.UITest)</Name>
              <FileRef uid="9" />
              <SequencePoints>
                <SequencePoint vc="1" uspid="249" ordinal="0" offset="20" sl="69" sc="9" el="69" ec="10" bec="0" bev="0" fileid="9" />
                <SequencePoint vc="1" uspid="250" ordinal="1" offset="21" sl="70" sc="13" el="70" ec="33" bec="2" bev="1" fileid="9" />
                <SequencePoint vc="1" uspid="251" ordinal="2" offset="42" sl="71" sc="13" el="71" ec="14" bec="0" bev="0" fileid="9" />
                <SequencePoint vc="1" uspid="252" ordinal="3" offset="43" sl="72" sc="17" el="72" ec="79" bec="0" bev="0" fileid="9" />
                <SequencePoint vc="1" uspid="253" ordinal="4" offset="176" sl="74" sc="17" el="74" ec="99" bec="0" bev="0" fileid="9" />
                <SequencePoint vc="0" uspid="254" ordinal="5" offset="319" sl="75" sc="17" el="75" ec="31" bec="2" bev="0" fileid="9" />
                <SequencePoint vc="0" uspid="255" ordinal="6" offset="329" sl="76" sc="17" el="76" ec="18" bec="0" bev="0" fileid="9" />
                <SequencePoint vc="0" uspid="256" ordinal="7" offset="330" sl="77" sc="21" el="77" ec="69" bec="0" bev="0" fileid="9" />
                <SequencePoint vc="0" uspid="257" ordinal="8" offset="348" sl="78" sc="21" el="78" ec="44" bec="0" bev="0" fileid="9" />
                <SequencePoint vc="0" uspid="258" ordinal="9" offset="362" sl="79" sc="21" el="79" ec="45" bec="0" bev="0" fileid="9" />
                <SequencePoint vc="0" uspid="259" ordinal="10" offset="374" sl="80" sc="17" el="80" ec="18" bec="0" bev="0" fileid="9" />
                <SequencePoint vc="0" uspid="260" ordinal="11" offset="375" sl="81" sc="13" el="81" ec="14" bec="0" bev="0" fileid="9" />
                <SequencePoint vc="0" uspid="261" ordinal="12" offset="381" sl="83" sc="13" el="83" ec="14" bec="0" bev="0" fileid="9" />
                <SequencePoint vc="0" uspid="262" ordinal="13" offset="382" sl="84" sc="17" el="84" ec="86" bec="0" bev="0" fileid="9" />
                <SequencePoint vc="0" uspid="263" ordinal="14" offset="516" sl="85" sc="17" el="85" ec="56" bec="0" bev="0" fileid="9" />
                <SequencePoint vc="0" uspid="264" ordinal="15" offset="535" sl="86" sc="17" el="86" ec="41" bec="0" bev="0" fileid="9" />
                <SequencePoint vc="0" uspid="265" ordinal="16" offset="547" sl="87" sc="13" el="87" ec="14" bec="0" bev="0" fileid="9" />
                <SequencePoint vc="0" uspid="266" ordinal="17" offset="548" sl="88" sc="9" el="88" ec="10" bec="0" bev="0" fileid="9" />
              </SequencePoints>
              <BranchPoints>
                <BranchPoint vc="1" uspid="267" ordinal="0" offset="37" sl="70" path="0" offsetend="42" fileid="9" />
                <BranchPoint vc="0" uspid="268" ordinal="1" offset="37" sl="70" path="1" offsetend="381" fileid="9" />
                <BranchPoint vc="0" uspid="269" ordinal="2" offset="327" sl="75" path="0" offsetend="329" fileid="9" />
                <BranchPoint vc="0" uspid="270" ordinal="3" offset="327" sl="75" path="1" offsetend="375" fileid="9" />
              </BranchPoints>
              <MethodPoint vc="1" uspid="271" ordinal="0" offset="0" />
            </Method>
            <Method visited="true" cyclomaticComplexity="3" nPathComplexity="4" sequenceCoverage="38.89" branchCoverage="60" crapScore="5.05" isConstructor="false" isStatic="false" isGetter="false" isSetter="false">
              <Summary numSequencePoints="18" visitedSequencePoints="7" numBranchPoints="5" visitedBranchPoints="3" sequenceCoverage="38.89" branchCoverage="60" maxCyclomaticComplexity="3" minCyclomaticComplexity="3" maxCrapScore="5.05" minCrapScore="5.05" visitedClasses="0" numClasses="0" visitedMethods="1" numMethods="1" />
              <MetadataToken>100663304</MetadataToken>
              <Name>System.Void TestsSeviceLib.Service::SaveAnswer(TestsSeviceLib.UIAnswer,TestsSeviceLib.UIQuestion)</Name>
              <FileRef uid="9" />
              <SequencePoints>
                <SequencePoint vc="1" uspid="272" ordinal="0" offset="20" sl="91" sc="9" el="91" ec="10" bec="0" bev="0" fileid="9" />
                <SequencePoint vc="1" uspid="273" ordinal="1" offset="21" sl="92" sc="13" el="92" ec="31" bec="2" bev="1" fileid="9" />
                <SequencePoint vc="1" uspid="274" ordinal="2" offset="42" sl="93" sc="13" el="93" ec="14" bec="0" bev="0" fileid="9" />
                <SequencePoint vc="1" uspid="275" ordinal="3" offset="43" sl="94" sc="17" el="94" ec="86" bec="0" bev="0" fileid="9" />
                <SequencePoint vc="1" uspid="276" ordinal="4" offset="173" sl="95" sc="17" el="95" ec="31" bec="2" bev="1" fileid="9" />
                <SequencePoint vc="0" uspid="277" ordinal="5" offset="183" sl="96" sc="17" el="96" ec="18" bec="0" bev="0" fileid="9" />
                <SequencePoint vc="0" uspid="278" ordinal="6" offset="184" sl="97" sc="21" el="97" ec="79" bec="0" bev="0" fileid="9" />
                <SequencePoint vc="0" uspid="279" ordinal="7" offset="213" sl="98" sc="21" el="98" ec="40" bec="0" bev="0" fileid="9" />
                <SequencePoint vc="0" uspid="280" ordinal="8" offset="227" sl="99" sc="21" el="99" ec="45" bec="0" bev="0" fileid="9" />
                <SequencePoint vc="0" uspid="281" ordinal="9" offset="239" sl="100" sc="17" el="100" ec="18" bec="0" bev="0" fileid="9" />
                <SequencePoint vc="1" uspid="282" ordinal="10" offset="240" sl="101" sc="13" el="101" ec="14" bec="0" bev="0" fileid="9" />
                <SequencePoint vc="0" uspid="283" ordinal="11" offset="246" sl="103" sc="13" el="103" ec="14" bec="0" bev="0" fileid="9" />
                <SequencePoint vc="0" uspid="284" ordinal="12" offset="247" sl="104" sc="17" el="104" ec="82" bec="0" bev="0" fileid="9" />
                <SequencePoint vc="0" uspid="285" ordinal="13" offset="378" sl="105" sc="17" el="105" ec="50" bec="0" bev="0" fileid="9" />
                <SequencePoint vc="0" uspid="286" ordinal="14" offset="397" sl="106" sc="17" el="106" ec="48" bec="0" bev="0" fileid="9" />
                <SequencePoint vc="0" uspid="287" ordinal="15" offset="416" sl="107" sc="17" el="107" ec="41" bec="0" bev="0" fileid="9" />
                <SequencePoint vc="0" uspid="288" ordinal="16" offset="428" sl="108" sc="13" el="108" ec="14" bec="0" bev="0" fileid="9" />
                <SequencePoint vc="1" uspid="289" ordinal="17" offset="429" sl="109" sc="9" el="109" ec="10" bec="0" bev="0" fileid="9" />
              </SequencePoints>
              <BranchPoints>
                <BranchPoint vc="1" uspid="290" ordinal="0" offset="37" sl="92" path="0" offsetend="42" fileid="9" />
                <BranchPoint vc="0" uspid="291" ordinal="1" offset="37" sl="92" path="1" offsetend="246" fileid="9" />
                <BranchPoint vc="0" uspid="292" ordinal="2" offset="181" sl="95" path="0" offsetend="183" fileid="9" />
                <BranchPoint vc="1" uspid="293" ordinal="3" offset="181" sl="95" path="1" offsetend="240" fileid="9" />
              </BranchPoints>
              <MethodPoint vc="1" uspid="294" ordinal="0" offset="0" />
            </Method>
            <Method visited="true" cyclomaticComplexity="2" nPathComplexity="2" sequenceCoverage="100" branchCoverage="66.67" crapScore="2" isConstructor="false" isStatic="false" isGetter="false" isSetter="false">
              <Summary numSequencePoints="8" visitedSequencePoints="8" numBranchPoints="3" visitedBranchPoints="2" sequenceCoverage="100" branchCoverage="66.67" maxCyclomaticComplexity="2" minCyclomaticComplexity="2" maxCrapScore="2" minCrapScore="2" visitedClasses="0" numClasses="0" visitedMethods="1" numMethods="1" />
              <MetadataToken>100663305</MetadataToken>
              <Name>System.Void TestsSeviceLib.Service::DeleteTest(TestsSeviceLib.UITest)</Name>
              <FileRef uid="9" />
              <SequencePoints>
                <SequencePoint vc="1" uspid="295" ordinal="0" offset="13" sl="112" sc="9" el="112" ec="10" bec="0" bev="0" fileid="9" />
                <SequencePoint vc="1" uspid="296" ordinal="1" offset="14" sl="113" sc="13" el="113" ec="74" bec="0" bev="0" fileid="9" />
                <SequencePoint vc="1" uspid="297" ordinal="2" offset="144" sl="114" sc="13" el="114" ec="27" bec="2" bev="1" fileid="9" />
                <SequencePoint vc="1" uspid="298" ordinal="3" offset="152" sl="115" sc="13" el="115" ec="14" bec="0" bev="0" fileid="9" />
                <SequencePoint vc="1" uspid="299" ordinal="4" offset="153" sl="116" sc="17" el="116" ec="43" bec="0" bev="0" fileid="9" />
                <SequencePoint vc="1" uspid="300" ordinal="5" offset="171" sl="117" sc="17" el="117" ec="41" bec="0" bev="0" fileid="9" />
                <SequencePoint vc="1" uspid="301" ordinal="6" offset="183" sl="118" sc="13" el="118" ec="14" bec="0" bev="0" fileid="9" />
                <SequencePoint vc="1" uspid="302" ordinal="7" offset="184" sl="119" sc="9" el="119" ec="10" bec="0" bev="0" fileid="9" />
              </SequencePoints>
              <BranchPoints>
                <BranchPoint vc="1" uspid="303" ordinal="0" offset="150" sl="114" path="0" offsetend="152" fileid="9" />
                <BranchPoint vc="0" uspid="304" ordinal="1" offset="150" sl="114" path="1" offsetend="184" fileid="9" />
              </BranchPoints>
              <MethodPoint vc="1" uspid="305" ordinal="0" offset="0" />
            </Method>
            <Method visited="false" cyclomaticComplexity="2" nPathComplexity="2" sequenceCoverage="0" branchCoverage="0" crapScore="6" isConstructor="false" isStatic="false" isGetter="false" isSetter="false">
              <Summary numSequencePoints="8" visitedSequencePoints="0" numBranchPoints="3" visitedBranchPoints="0" sequenceCoverage="0" branchCoverage="0" maxCyclomaticComplexity="2" minCyclomaticComplexity="2" maxCrapScore="6" minCrapScore="6" visitedClasses="0" numClasses="0" visitedMethods="0" numMethods="1" />
              <MetadataToken>100663306</MetadataToken>
              <Name>System.Void TestsSeviceLib.Service::DeleteQuestion(TestsSeviceLib.UIQuestion)</Name>
              <FileRef uid="9" />
              <SequencePoints>
                <SequencePoint vc="0" uspid="306" ordinal="0" offset="13" sl="122" sc="9" el="122" ec="10" bec="0" bev="0" fileid="9" />
                <SequencePoint vc="0" uspid="307" ordinal="1" offset="14" sl="123" sc="13" el="123" ec="82" bec="0" bev="0" fileid="9" />
                <SequencePoint vc="0" uspid="308" ordinal="2" offset="144" sl="124" sc="13" el="124" ec="27" bec="2" bev="0" fileid="9" />
                <SequencePoint vc="0" uspid="309" ordinal="3" offset="152" sl="125" sc="13" el="125" ec="14" bec="0" bev="0" fileid="9" />
                <SequencePoint vc="0" uspid="310" ordinal="4" offset="153" sl="126" sc="17" el="126" ec="47" bec="0" bev="0" fileid="9" />
                <SequencePoint vc="0" uspid="311" ordinal="5" offset="171" sl="127" sc="17" el="127" ec="41" bec="0" bev="0" fileid="9" />
                <SequencePoint vc="0" uspid="312" ordinal="6" offset="183" sl="128" sc="13" el="128" ec="14" bec="0" bev="0" fileid="9" />
                <SequencePoint vc="0" uspid="313" ordinal="7" offset="184" sl="129" sc="9" el="129" ec="10" bec="0" bev="0" fileid="9" />
              </SequencePoints>
              <BranchPoints>
                <BranchPoint vc="0" uspid="314" ordinal="0" offset="150" sl="124" path="0" offsetend="152" fileid="9" />
                <BranchPoint vc="0" uspid="315" ordinal="1" offset="150" sl="124" path="1" offsetend="184" fileid="9" />
              </BranchPoints>
              <MethodPoint vc="0" uspid="316" ordinal="0" offset="0" />
            </Method>
            <Method visited="false" cyclomaticComplexity="2" nPathComplexity="2" sequenceCoverage="0" branchCoverage="0" crapScore="6" isConstructor="false" isStatic="false" isGetter="false" isSetter="false">
              <Summary numSequencePoints="8" visitedSequencePoints="0" numBranchPoints="3" visitedBranchPoints="0" sequenceCoverage="0" branchCoverage="0" maxCyclomaticComplexity="2" minCyclomaticComplexity="2" maxCrapScore="6" minCrapScore="6" visitedClasses="0" numClasses="0" visitedMethods="0" numMethods="1" />
              <MetadataToken>100663307</MetadataToken>
              <Name>System.Void TestsSeviceLib.Service::DeleteAnswer(TestsSeviceLib.UIAnswer)</Name>
              <FileRef uid="9" />
              <SequencePoints>
                <SequencePoint vc="0" uspid="317" ordinal="0" offset="13" sl="132" sc="9" el="132" ec="10" bec="0" bev="0" fileid="9" />
                <SequencePoint vc="0" uspid="318" ordinal="1" offset="14" sl="133" sc="13" el="133" ec="78" bec="0" bev="0" fileid="9" />
                <SequencePoint vc="0" uspid="319" ordinal="2" offset="144" sl="134" sc="13" el="134" ec="27" bec="2" bev="0" fileid="9" />
                <SequencePoint vc="0" uspid="320" ordinal="3" offset="152" sl="135" sc="13" el="135" ec="14" bec="0" bev="0" fileid="9" />
                <SequencePoint vc="0" uspid="321" ordinal="4" offset="153" sl="136" sc="17" el="136" ec="45" bec="0" bev="0" fileid="9" />
                <SequencePoint vc="0" uspid="322" ordinal="5" offset="171" sl="137" sc="17" el="137" ec="41" bec="0" bev="0" fileid="9" />
                <SequencePoint vc="0" uspid="323" ordinal="6" offset="183" sl="138" sc="13" el="138" ec="14" bec="0" bev="0" fileid="9" />
                <SequencePoint vc="0" uspid="324" ordinal="7" offset="184" sl="139" sc="9" el="139" ec="10" bec="0" bev="0" fileid="9" />
              </SequencePoints>
              <BranchPoints>
                <BranchPoint vc="0" uspid="325" ordinal="0" offset="150" sl="134" path="0" offsetend="152" fileid="9" />
                <BranchPoint vc="0" uspid="326" ordinal="1" offset="150" sl="134" path="1" offsetend="184" fileid="9" />
              </BranchPoints>
              <MethodPoint vc="0" uspid="327" ordinal="0" offset="0" />
            </Method>
            <Method visited="false" cyclomaticComplexity="1" nPathComplexity="0" sequenceCoverage="0" branchCoverage="0" crapScore="2" isConstructor="false" isStatic="false" isGetter="false" isSetter="false">
              <Summary numSequencePoints="3" visitedSequencePoints="0" numBranchPoints="1" visitedBranchPoints="0" sequenceCoverage="0" branchCoverage="0" maxCyclomaticComplexity="1" minCyclomaticComplexity="1" maxCrapScore="2" minCrapScore="2" visitedClasses="0" numClasses="0" visitedMethods="0" numMethods="1" />
              <MetadataToken>100663308</MetadataToken>
              <Name>Test2.Question TestsSeviceLib.Service::SearchQuestion(System.String)</Name>
              <FileRef uid="9" />
              <SequencePoints>
                <SequencePoint vc="0" uspid="328" ordinal="0" offset="13" sl="142" sc="9" el="142" ec="10" bec="0" bev="0" fileid="9" />
                <SequencePoint vc="0" uspid="329" ordinal="1" offset="14" sl="143" sc="13" el="143" ec="92" bec="0" bev="0" fileid="9" />
                <SequencePoint vc="0" uspid="330" ordinal="2" offset="150" sl="144" sc="9" el="144" ec="10" bec="0" bev="0" fileid="9" />
              </SequencePoints>
              <BranchPoints />
              <MethodPoint vc="0" uspid="331" ordinal="0" offset="0" />
            </Method>
            <Method visited="true" cyclomaticComplexity="1" nPathComplexity="0" sequenceCoverage="100" branchCoverage="100" crapScore="1" isConstructor="false" isStatic="false" isGetter="false" isSetter="false">
              <Summary numSequencePoints="3" visitedSequencePoints="3" numBranchPoints="1" visitedBranchPoints="1" sequenceCoverage="100" branchCoverage="100" maxCyclomaticComplexity="1" minCyclomaticComplexity="1" maxCrapScore="1" minCrapScore="1" visitedClasses="0" numClasses="0" visitedMethods="1" numMethods="1" />
              <MetadataToken>100663309</MetadataToken>
              <Name>System.Collections.Generic.List`1&lt;TestsSeviceLib.UIStatistics&gt; TestsSeviceLib.Service::GetStatistics()</Name>
              <FileRef uid="9" />
              <SequencePoints>
                <SequencePoint vc="1" uspid="332" ordinal="0" offset="0" sl="147" sc="9" el="147" ec="10" bec="0" bev="0" fileid="9" />
                <SequencePoint vc="1" uspid="333" ordinal="1" offset="1" sl="148" sc="13" el="154" ec="25" bec="0" bev="0" fileid="9" />
[...]
              </SequencePoints>
              <BranchPoints />
              <MethodPoint xsi:type="SequencePoint" vc="0" uspid="475" ordinal="0" offset="0" sl="29" sc="53" el="29" ec="57" bec="0" bev="0" fileid="27" />
            </Method>
            <Method visited="false" cyclomaticComplexity="1" nPathComplexity="0" sequenceCoverage="0" branchCoverage="0" crapScore="2" isConstructor="false" isStatic="false" isGetter="true" isSetter="false">
              <Summary numSequencePoints="1" visitedSequencePoints="0" numBranchPoints="1" visitedBranchPoints="0" sequenceCoverage="0" branchCoverage="0" maxCyclomaticComplexity="1" minCyclomaticComplexity="1" maxCrapScore="2" minCrapScore="2" visitedClasses="0" numClasses="0" visitedMethods="0" numMethods="1" />
              <MetadataToken>100663335</MetadataToken>
              <Name>System.Data.Entity.DbSet`1&lt;Test2.Test&gt; Test2.Test2DBContainer::get_Tests()</Name>
              <FileRef uid="27" />
              <SequencePoints>
                <SequencePoint vc="0" uspid="476" ordinal="0" offset="0" sl="30" sc="44" el="30" ec="48" bec="0" bev="0" fileid="27" />
              </SequencePoints>
              <BranchPoints />
              <MethodPoint xsi:type="SequencePoint" vc="0" uspid="476" ordinal="0" offset="0" sl="30" sc="44" el="30" ec="48" bec="0" bev="0" fileid="27" />
            </Method>
            <Method visited="false" cyclomaticComplexity="1" nPathComplexity="0" sequenceCoverage="0" branchCoverage="0" crapScore="2" isConstructor="false" isStatic="false" isGetter="false" isSetter="true">
              <Summary numSequencePoints="1" visitedSequencePoints="0" numBranchPoints="1" visitedBranchPoints="0" sequenceCoverage="0" branchCoverage="0" maxCyclomaticComplexity="1" minCyclomaticComplexity="1" maxCrapScore="2" minCrapScore="2" visitedClasses="0" numClasses="0" visitedMethods="0" numMethods="1" />
              <MetadataToken>100663336</MetadataToken>
              <Name>System.Void Test2.Test2DBContainer::set_Tests(System.Data.Entity.DbSet`1&lt;Test2.Test&gt;)</Name>
              <FileRef uid="27" />
              <SequencePoints>
                <SequencePoint vc="0" uspid="477" ordinal="0" offset="0" sl="30" sc="49" el="30" ec="53" bec="0" bev="0" fileid="27" />
              </SequencePoints>
              <BranchPoints />
              <MethodPoint xsi:type="SequencePoint" vc="0" uspid="477" ordinal="0" offset="0" sl="30" sc="49" el="30" ec="53" bec="0" bev="0" fileid="27" />
            </Method>
            <Method visited="false" cyclomaticComplexity="1" nPathComplexity="0" sequenceCoverage="0" branchCoverage="0" crapScore="2" isConstructor="false" isStatic="false" isGetter="true" isSetter="false">
              <Summary numSequencePoints="1" visitedSequencePoints="0" numBranchPoints="1" visitedBranchPoints="0" sequenceCoverage="0" branchCoverage="0" maxCyclomaticComplexity="1" minCyclomaticComplexity="1" maxCrapScore="2" minCrapScore="2" visitedClasses="0" numClasses="0" visitedMethods="0" numMethods="1" />
              <MetadataToken>100663337</MetadataToken>
              <Name>System.Data.Entity.DbSet`1&lt;Test2.TestStatistic&gt; Test2.Test2DBContainer::get_TestStatistics()</Name>
              <FileRef uid="27" />
              <SequencePoints>
                <SequencePoint vc="0" uspid="478" ordinal="0" offset="0" sl="31" sc="62" el="31" ec="66" bec="0" bev="0" fileid="27" />
              </SequencePoints>
              <BranchPoints />
              <MethodPoint xsi:type="SequencePoint" vc="0" uspid="478" ordinal="0" offset="0" sl="31" sc="62" el="31" ec="66" bec="0" bev="0" fileid="27" />
            </Method>
            <Method visited="false" cyclomaticComplexity="1" nPathComplexity="0" sequenceCoverage="0" branchCoverage="0" crapScore="2" isConstructor="false" isStatic="false" isGetter="false" isSetter="true">
              <Summary numSequencePoints="1" visitedSequencePoints="0" numBranchPoints="1" visitedBranchPoints="0" sequenceCoverage="0" branchCoverage="0" maxCyclomaticComplexity="1" minCyclomaticComplexity="1" maxCrapScore="2" minCrapScore="2" visitedClasses="0" numClasses="0" visitedMethods="0" numMethods="1" />
              <MetadataToken>100663338</MetadataToken>
              <Name>System.Void Test2.Test2DBContainer::set_TestStatistics(System.Data.Entity.DbSet`1&lt;Test2.TestStatistic&gt;)</Name>
              <FileRef uid="27" />
              <SequencePoints>
                <SequencePoint vc="0" uspid="479" ordinal="0" offset="0" sl="31" sc="67" el="31" ec="71" bec="0" bev="0" fileid="27" />
              </SequencePoints>
              <BranchPoints />
              <MethodPoint xsi:type="SequencePoint" vc="0" uspid="479" ordinal="0" offset="0" sl="31" sc="67" el="31" ec="71" bec="0" bev="0" fileid="27" />
            </Method>
            <Method visited="true" cyclomaticComplexity="1" nPathComplexity="0" sequenceCoverage="100" branchCoverage="100" crapScore="1" isConstructor="true" isStatic="false" isGetter="false" isSetter="false">
              <Summary numSequencePoints="3" visitedSequencePoints="3" numBranchPoints="1" visitedBranchPoints="1" sequenceCoverage="100" branchCoverage="100" maxCyclomaticComplexity="1" minCyclomaticComplexity="1" maxCrapScore="1" minCrapScore="1" visitedClasses="0" numClasses="0" visitedMethods="1" numMethods="1" />
              <MetadataToken>100663329</MetadataToken>
              <Name>System.Void Test2.Test2DBContainer::.ctor()</Name>
              <FileRef uid="27" />
              <SequencePoints>
                <SequencePoint vc="14" uspid="480" ordinal="0" offset="0" sl="19" sc="15" el="19" ec="44" bec="0" bev="0" fileid="27" />
                <SequencePoint vc="14" uspid="481" ordinal="1" offset="12" sl="20" sc="9" el="20" ec="10" bec="0" bev="0" fileid="27" />
                <SequencePoint vc="14" uspid="482" ordinal="2" offset="13" sl="21" sc="9" el="21" ec="10" bec="0" bev="0" fileid="27" />
              </SequencePoints>
              <BranchPoints />
              <MethodPoint xsi:type="SequencePoint" vc="14" uspid="480" ordinal="0" offset="0" sl="19" sc="15" el="19" ec="44" bec="0" bev="0" fileid="27" />
            </Method>
            <Method visited="false" cyclomaticComplexity="1" nPathComplexity="0" sequenceCoverage="0" branchCoverage="0" crapScore="2" isConstructor="false" isStatic="false" isGetter="false" isSetter="false">
              <Summary numSequencePoints="2" visitedSequencePoints="0" numBranchPoints="1" visitedBranchPoints="0" sequenceCoverage="0" branchCoverage="0" maxCyclomaticComplexity="1" minCyclomaticComplexity="1" maxCrapScore="2" minCrapScore="2" visitedClasses="0" numClasses="0" visitedMethods="0" numMethods="1" />
              <MetadataToken>100663330</MetadataToken>
              <Name>System.Void Test2.Test2DBContainer::OnModelCreating(System.Data.Entity.DbModelBuilder)</Name>
              <FileRef uid="27" />
              <SequencePoints>
                <SequencePoint vc="0" uspid="483" ordinal="0" offset="0" sl="24" sc="9" el="24" ec="10" bec="0" bev="0" fileid="27" />
                <SequencePoint vc="0" uspid="484" ordinal="1" offset="1" sl="25" sc="13" el="25" ec="57" bec="0" bev="0" fileid="27" />
              </SequencePoints>
              <BranchPoints />
              <MethodPoint xsi:type="SequencePoint" vc="0" uspid="483" ordinal="0" offset="0" sl="24" sc="9" el="24" ec="10" bec="0" bev="0" fileid="27" />
            </Method>
          </Methods>
        </Class>
        <Class>
          <Summary numSequencePoints="10" visitedSequencePoints="9" numBranchPoints="10" visitedBranchPoints="9" sequenceCoverage="90" branchCoverage="90" maxCyclomaticComplexity="1" minCyclomaticComplexity="1" maxCrapScore="2" minCrapScore="1" visitedClasses="1" numClasses="1" visitedMethods="9" numMethods="10" />
          <FullName>Test2.TestStatistic</FullName>
          <Methods>
            <Method visited="false" cyclomaticComplexity="1" nPathComplexity="0" sequenceCoverage="0" branchCoverage="0" crapScore="2" isConstructor="false" isStatic="false" isGetter="true" isSetter="false">
              <Summary numSequencePoints="1" visitedSequencePoints="0" numBranchPoints="1" visitedBranchPoints="0" sequenceCoverage="0" branchCoverage="0" maxCyclomaticComplexity="1" minCyclomaticComplexity="1" maxCrapScore="2" minCrapScore="2" visitedClasses="0" numClasses="0" visitedMethods="0" numMethods="1" />
              <MetadataToken>100663339</MetadataToken>
              <Name>System.Int32 Test2.TestStatistic::get_Id()</Name>
              <FileRef uid="28" />
              <SequencePoints>
                <SequencePoint vc="0" uspid="485" ordinal="0" offset="0" sl="17" sc="25" el="17" ec="29" bec="0" bev="0" fileid="28" />
              </SequencePoints>
              <BranchPoints />
              <MethodPoint xsi:type="SequencePoint" vc="0" uspid="485" ordinal="0" offset="0" sl="17" sc="25" el="17" ec="29" bec="0" bev="0" fileid="28" />
            </Method>
            <Method visited="true" cyclomaticComplexity="1" nPathComplexity="0" sequenceCoverage="100" branchCoverage="100" crapScore="1" isConstructor="false" isStatic="false" isGetter="false" isSetter="true">
              <Summary numSequencePoints="1" visitedSequencePoints="1" numBranchPoints="1" visitedBranchPoints="1" sequenceCoverage="100" branchCoverage="100" maxCyclomaticComplexity="1" minCyclomaticComplexity="1" maxCrapScore="1" minCrapScore="1" visitedClasses="0" numClasses="0" visitedMethods="1" numMethods="1" />
              <MetadataToken>100663340</MetadataToken>
              <Name>System.Void Test2.TestStatistic::set_Id(System.Int32)</Name>
              <FileRef uid="28" />
              <SequencePoints>
                <SequencePoint vc="1" uspid="486" ordinal="0" offset="0" sl="17" sc="30" el="17" ec="34" bec="0" bev="0" fileid="28" />
              </SequencePoints>
              <BranchPoints />
              <MethodPoint xsi:type="SequencePoint" vc="1" uspid="486" ordinal="0" offset="0" sl="17" sc="30" el="17" ec="34" bec="0" bev="0" fileid="28" />
            </Method>
            <Method visited="true" cyclomaticComplexity="1" nPathComplexity="0" sequenceCoverage="100" branchCoverage="100" crapScore="1" isConstructor="false" isStatic="false" isGetter="true" isSetter="false">
              <Summary numSequencePoints="1" visitedSequencePoints="1" numBranchPoints="1" visitedBranchPoints="1" sequenceCoverage="100" branchCoverage="100" maxCyclomaticComplexity="1" minCyclomaticComplexity="1" maxCrapScore="1" minCrapScore="1" visitedClasses="0" numClasses="0" visitedMethods="1" numMethods="1" />
              <MetadataToken>100663341</MetadataToken>
              <Name>System.Int32 Test2.TestStatistic::get_TimeInMinutes()</Name>
              <FileRef uid="28" />
              <SequencePoints>
                <SequencePoint vc="1" uspid="487" ordinal="0" offset="0" sl="18" sc="36" el="18" ec="40" bec="0" bev="0" fileid="28" />
              </SequencePoints>
              <BranchPoints />
              <MethodPoint xsi:type="SequencePoint" vc="1" uspid="487" ordinal="0" offset="0" sl="18" sc="36" el="18" ec="40" bec="0" bev="0" fileid="28" />
            </Method>
            <Method visited="true" cyclomaticComplexity="1" nPathComplexity="0" sequenceCoverage="100" branchCoverage="100" crapScore="1" isConstructor="false" isStatic="false" isGetter="false" isSetter="true">
              <Summary numSequencePoints="1" visitedSequencePoints="1" numBranchPoints="1" visitedBranchPoints="1" sequenceCoverage="100" branchCoverage="100" maxCyclomaticComplexity="1" minCyclomaticComplexity="1" maxCrapScore="1" minCrapScore="1" visitedClasses="0" numClasses="0" visitedMethods="1" numMethods="1" />
              <MetadataToken>100663342</MetadataToken>
              <Name>System.Void Test2.TestStatistic::set_TimeInMinutes(System.Int32)</Name>
              <FileRef uid="28" />
              <SequencePoints>
                <SequencePoint vc="1" uspid="488" ordinal="0" offset="0" sl="18" sc="41" el="18" ec="45" bec="0" bev="0" fileid="28" />
              </SequencePoints>
              <BranchPoints />
              <MethodPoint xsi:type="SequencePoint" vc="1" uspid="488" ordinal="0" offset="0" sl="18" sc="41" el="18" ec="45" bec="0" bev="0" fileid="28" />
            </Method>
            <Method visited="true" cyclomaticComplexity="1" nPathComplexity="0" sequenceCoverage="100" branchCoverage="100" crapScore="1" isConstructor="false" isStatic="false" isGetter="true" isSetter="false">
              <Summary numSequencePoints="1" visitedSequencePoints="1" numBranchPoints="1" visitedBranchPoints="1" sequenceCoverage="100" branchCoverage="100" maxCyclomaticComplexity="1" minCyclomaticComplexity="1" maxCrapScore="1" minCrapScore="1" visitedClasses="0" numClasses="0" visitedMethods="1" numMethods="1" />
              <MetadataToken>100663343</MetadataToken>
              <Name>System.Int32 Test2.TestStatistic::get_NumberOfCorrect()</Name>
              <FileRef uid="28" />
              <SequencePoints>
                <SequencePoint vc="1" uspid="489" ordinal="0" offset="0" sl="19" sc="38" el="19" ec="42" bec="0" bev="0" fileid="28" />
              </SequencePoints>
              <BranchPoints />
              <MethodPoint xsi:type="SequencePoint" vc="1" uspid="489" ordinal="0" offset="0" sl="19" sc="38" el="19" ec="42" bec="0" bev="0" fileid="28" />
            </Method>
            <Method visited="true" cyclomaticComplexity="1" nPathComplexity="0" sequenceCoverage="100" branchCoverage="100" crapScore="1" isConstructor="false" isStatic="false" isGetter="false" isSetter="true">
              <Summary numSequencePoints="1" visitedSequencePoints="1" numBranchPoints="1" visitedBranchPoints="1" sequenceCoverage="100" branchCoverage="100" maxCyclomaticComplexity="1" minCyclomaticComplexity="1" maxCrapScore="1" minCrapScore="1" visitedClasses="0" numClasses="0" visitedMethods="1" numMethods="1" />
              <MetadataToken>100663344</MetadataToken>
              <Name>System.Void Test2.TestStatistic::set_NumberOfCorrect(System.Int32)</Name>
              <FileRef uid="28" />
              <SequencePoints>
                <SequencePoint vc="1" uspid="490" ordinal="0" offset="0" sl="19" sc="43" el="19" ec="47" bec="0" bev="0" fileid="28" />
              </SequencePoints>
              <BranchPoints />
              <MethodPoint xsi:type="SequencePoint" vc="1" uspid="490" ordinal="0" offset="0" sl="19" sc="43" el="19" ec="47" bec="0" bev="0" fileid="28" />
            </Method>
            <Method visited="true" cyclomaticComplexity="1" nPathComplexity="0" sequenceCoverage="100" branchCoverage="100" crapScore="1" isConstructor="false" isStatic="false" isGetter="true" isSetter="false">
              <Summary numSequencePoints="1" visitedSequencePoints="1" numBranchPoints="1" visitedBranchPoints="1" sequenceCoverage="100" branchCoverage="100" maxCyclomaticComplexity="1" minCyclomaticComplexity="1" maxCrapScore="1" minCrapScore="1" visitedClasses="0" numClasses="0" visitedMethods="1" numMethods="1" />
              <MetadataToken>100663345</MetadataToken>
              <Name>System.Decimal Test2.TestStatistic::get_PercentOfCorrect()</Name>
              <FileRef uid="28" />
              <SequencePoints>
                <SequencePoint vc="1" uspid="491" ordinal="0" offset="0" sl="20" sc="43" el="20" ec="47" bec="0" bev="0" fileid="28" />
              </SequencePoints>
              <BranchPoints />
              <MethodPoint xsi:type="SequencePoint" vc="1" uspid="491" ordinal="0" offset="0" sl="20" sc="43" el="20" ec="47" bec="0" bev="0" fileid="28" />
            </Method>
            <Method visited="true" cyclomaticComplexity="1" nPathComplexity="0" sequenceCoverage="100" branchCoverage="100" crapScore="1" isConstructor="false" isStatic="false" isGetter="false" isSetter="true">
              <Summary numSequencePoints="1" visitedSequencePoints="1" numBranchPoints="1" visitedBranchPoints="1" sequenceCoverage="100" branchCoverage="100" maxCyclomaticComplexity="1" minCyclomaticComplexity="1" maxCrapScore="1" minCrapScore="1" visitedClasses="0" numClasses="0" visitedMethods="1" numMethods="1" />
              <MetadataToken>100663346</MetadataToken>
              <Name>System.Void Test2.TestStatistic::set_PercentOfCorrect(System.Decimal)</Name>
              <FileRef uid="28" />
              <SequencePoints>
                <SequencePoint vc="1" uspid="492" ordinal="0" offset="0" sl="20" sc="48" el="20" ec="52" bec="0" bev="0" fileid="28" />
              </SequencePoints>
              <BranchPoints />
              <MethodPoint xsi:type="SequencePoint" vc="1" uspid="492" ordinal="0" offset="0" sl="20" sc="48" el="20" ec="52" bec="0" bev="0" fileid="28" />
            </Method>
            <Method visited="true" cyclomaticComplexity="1" nPathComplexity="0" sequenceCoverage="100" branchCoverage="100" crapScore="1" isConstructor="false" isStatic="false" isGetter="true" isSetter="false">
              <Summary numSequencePoints="1" visitedSequencePoints="1" numBranchPoints="1" visitedBranchPoints="1" sequenceCoverage="100" branchCoverage="100" maxCyclomaticComplexity="1" minCyclomaticComplexity="1" maxCrapScore="1" minCrapScore="1" visitedClasses="0" numClasses="0" visitedMethods="1" numMethods="1" />
              <MetadataToken>100663347</MetadataToken>
              <Name>Test2.Test Test2.TestStatistic::get_Test()</Name>
              <FileRef uid="28" />
              <SequencePoints>
                <SequencePoint vc="1" uspid="493" ordinal="0" offset="0" sl="22" sc="36" el="22" ec="40" bec="0" bev="0" fileid="28" />
              </SequencePoints>
              <BranchPoints />
              <MethodPoint xsi:type="SequencePoint" vc="1" uspid="493" ordinal="0" offset="0" sl="22" sc="36" el="22" ec="40" bec="0" bev="0" fileid="28" />
            </Method>
            <Method visited="true" cyclomaticComplexity="1" nPathComplexity="0" sequenceCoverage="100" branchCoverage="100" crapScore="1" isConstructor="false" isStatic="false" isGetter="false" isSetter="true">
              <Summary numSequencePoints="1" visitedSequencePoints="1" numBranchPoints="1" visitedBranchPoints="1" sequenceCoverage="100" branchCoverage="100" maxCyclomaticComplexity="1" minCyclomaticComplexity="1" maxCrapScore="1" minCrapScore="1" visitedClasses="0" numClasses="0" visitedMethods="1" numMethods="1" />
              <MetadataToken>100663348</MetadataToken>
              <Name>System.Void Test2.TestStatistic::set_Test(Test2.Test)</Name>
              <FileRef uid="28" />
              <SequencePoints>
                <SequencePoint vc="1" uspid="494" ordinal="0" offset="0" sl="22" sc="41" el="22" ec="45" bec="0" bev="0" fileid="28" />
              </SequencePoints>
              <BranchPoints />
              <MethodPoint xsi:type="SequencePoint" vc="1" uspid="494" ordinal="0" offset="0" sl="22" sc="41" el="22" ec="45" bec="0" bev="0" fileid="28" />
            </Method>
            <Method visited="false" cyclomaticComplexity="1" nPathComplexity="0" sequenceCoverage="0" branchCoverage="0" crapScore="2" isConstructor="true" isStatic="false" isGetter="false" isSetter="false">
              <Summary numSequencePoints="0" visitedSequencePoints="0" numBranchPoints="0" visitedBranchPoints="0" sequenceCoverage="0" branchCoverage="0" maxCyclomaticComplexity="1" minCyclomaticComplexity="1" maxCrapScore="2" minCrapScore="2" visitedClasses="0" numClasses="0" visitedMethods="0" numMethods="0" />
              <MetadataToken>100663349</MetadataToken>
              <Name>System.Void Test2.TestStatistic::.ctor()</Name>
              <SequencePoints />
              <BranchPoints />
              <MethodPoint vc="0" uspid="495" ordinal="0" offset="0" />
            </Method>
          </Methods>
        </Class>
      </Classes>
    </Module>
  </Modules>
</CoverageSession>